============================================================
Time  2020/03/10 09:00:46 848 
============================================================
[2020/03/10 09:00:46 848] tts        811  SYS_MSG_REGCB param0 =  msp_status_cb  param1 =  func(30014cd0) 
[2020/03/10 09:00:46 848] config     43   use general cloud  
[2020/03/10 09:00:46 850] tts_cloud  1438 SYS_MSG_REGCB_CLOUD param0 =   msp_status_cb  param1 =  func(30014cd0) 
[2020/03/10 09:00:46 850] tts        782  TTS_MSG_SSB  
[2020/03/10 09:00:46 850] tts        434  params =  engine_type = purextts,voice_name=xiaoguan, text_encoding = UTF8, tts_res_path = fo|/home/aibar/intelligentvoiceordering/demo_aiui_iat_tts/bin/msc/res/tts/xiaoguan.jet;fo|/home/aibar/intelligentvoiceordering/demo_aiui_iat_tts/bin/msc/res/tts/common.jet, sample_rate = 16000, speed = 60, volume = 50, pitch = 50, rdn = 2  
[2020/03/10 09:00:46 850] tts        273  auf=audio/L16;rate=16000  
[2020/03/10 09:00:46 850] tts        273  auf=audio/L16;rate=16000  
[2020/03/10 09:00:46 850] tts        499  ssb|use purextts  
[2020/03/10 09:00:46 850] tts        406  purextts_session_begin  
[2020/03/10 09:00:46 850] tts        416  audio_id=  1  
[2020/03/10 09:00:46 850] tts        789  TTS_MSG_SYN  0  
[2020/03/10 09:00:46 850] tts        532  synth|use purextts  
[2020/03/10 09:00:46 854] tts        792  TTS_MSG_GETAUDIO  0  
[2020/03/10 09:00:46 854] tts        638  get audio|use purextts  
[2020/03/10 09:00:46 854] tts        671  0  nil  1  1815000623  
[2020/03/10 09:00:46 854] tts        792  TTS_MSG_GETAUDIO  0  
[2020/03/10 09:00:46 854] tts        638  get audio|use purextts  
[2020/03/10 09:00:46 854] tts        671  0  nil  1  1815000624  
[2020/03/10 09:00:46 855] tts        792  TTS_MSG_GETAUDIO  0  
[2020/03/10 09:00:46 855] tts        638  get audio|use purextts  
[2020/03/10 09:00:46 855] tts        671  0  nil  1  1815000624  
[2020/03/10 09:00:46 855] tts        792  TTS_MSG_GETAUDIO  0  
[2020/03/10 09:00:46 855] tts        638  get audio|use purextts  
[2020/03/10 09:00:46 855] tts        671  0  nil  1  1815000624  
[2020/03/10 09:00:46 855] tts        792  TTS_MSG_GETAUDIO  0  
[2020/03/10 09:00:46 855] tts        638  get audio|use purextts  
[2020/03/10 09:00:46 855] tts        671  0  nil  1  1815000625  
[2020/03/10 09:00:46 856] tts        792  TTS_MSG_GETAUDIO  0  
[2020/03/10 09:00:46 856] tts        638  get audio|use purextts  
[2020/03/10 09:00:46 856] tts        671  0  nil  1  1815000625  
[2020/03/10 09:00:46 856] tts        792  TTS_MSG_GETAUDIO  0  
[2020/03/10 09:00:46 856] tts        638  get audio|use purextts  
[2020/03/10 09:00:46 856] tts        671  0  nil  1  1815000625  
[2020/03/10 09:00:46 856] tts        792  TTS_MSG_GETAUDIO  0  
[2020/03/10 09:00:46 856] tts        638  get audio|use purextts  
[2020/03/10 09:00:46 856] tts        671  0  nil  1  1815000625  
[2020/03/10 09:00:46 856] tts        792  TTS_MSG_GETAUDIO  0  
[2020/03/10 09:00:46 856] tts        638  get audio|use purextts  
[2020/03/10 09:00:46 857] tts        671  0  nil  1  1815000626  
[2020/03/10 09:00:46 857] tts        792  TTS_MSG_GETAUDIO  0  
[2020/03/10 09:00:46 857] tts        638  get audio|use purextts  
[2020/03/10 09:00:46 857] tts        671  0  nil  1  1815000626  
[2020/03/10 09:00:46 857] tts        792  TTS_MSG_GETAUDIO  0  
[2020/03/10 09:00:46 857] tts        638  get audio|use purextts  
[2020/03/10 09:00:46 857] tts        671  0  nil  1  1815000627  
[2020/03/10 09:00:46 858] tts        792  TTS_MSG_GETAUDIO  0  
[2020/03/10 09:00:46 858] tts        638  get audio|use purextts  
[2020/03/10 09:00:46 858] tts        671  0  nil  1  1815000627  
[2020/03/10 09:00:46 858] tts        792  TTS_MSG_GETAUDIO  0  
[2020/03/10 09:00:46 858] tts        638  get audio|use purextts  
[2020/03/10 09:00:46 858] tts        671  0  nil  1  1815000627  
[2020/03/10 09:00:46 858] tts        792  TTS_MSG_GETAUDIO  0  
[2020/03/10 09:00:46 858] tts        638  get audio|use purextts  
[2020/03/10 09:00:46 858] tts        671  0  nil  1  1815000627  
[2020/03/10 09:00:46 858] tts        792  TTS_MSG_GETAUDIO  0  
[2020/03/10 09:00:46 858] tts        638  get audio|use purextts  
[2020/03/10 09:00:46 858] tts        671  0  nil  1  1815000628  
[2020/03/10 09:00:46 859] tts        792  TTS_MSG_GETAUDIO  0  
[2020/03/10 09:00:46 859] tts        638  get audio|use purextts  
[2020/03/10 09:00:46 859] tts        671  0  nil  1  1815000628  
[2020/03/10 09:00:46 859] tts        792  TTS_MSG_GETAUDIO  0  
[2020/03/10 09:00:46 859] tts        638  get audio|use purextts  
[2020/03/10 09:00:46 859] tts        671  0  nil  1  1815000628  
[2020/03/10 09:00:46 859] tts        792  TTS_MSG_GETAUDIO  0  
[2020/03/10 09:00:46 859] tts        638  get audio|use purextts  
[2020/03/10 09:00:46 859] tts        671  0  nil  1  1815000628  
[2020/03/10 09:00:46 859] tts        792  TTS_MSG_GETAUDIO  0  
[2020/03/10 09:00:46 859] tts        638  get audio|use purextts  
[2020/03/10 09:00:46 859] tts        671  0  nil  1  1815000629  
[2020/03/10 09:00:46 860] tts        792  TTS_MSG_GETAUDIO  0  
[2020/03/10 09:00:46 860] tts        638  get audio|use purextts  
[2020/03/10 09:00:46 860] tts        671  0  nil  1  1815000629  
[2020/03/10 09:00:46 860] tts        792  TTS_MSG_GETAUDIO  0  
[2020/03/10 09:00:46 860] tts        638  get audio|use purextts  
[2020/03/10 09:00:46 860] tts        671  0  nil  1  1815000629  
[2020/03/10 09:00:46 860] tts        792  TTS_MSG_GETAUDIO  0  
[2020/03/10 09:00:46 860] tts        638  get audio|use purextts  
[2020/03/10 09:00:46 860] tts        671  0  nil  1  1815000629  
[2020/03/10 09:00:46 861] tts        792  TTS_MSG_GETAUDIO  0  
[2020/03/10 09:00:46 861] tts        638  get audio|use purextts  
[2020/03/10 09:00:46 861] tts        671  0  nil  1  1815000630  
[2020/03/10 09:00:46 861] tts        792  TTS_MSG_GETAUDIO  0  
[2020/03/10 09:00:46 861] tts        638  get audio|use purextts  
[2020/03/10 09:00:46 861] tts        671  0  nil  1  1815000630  
[2020/03/10 09:00:46 861] tts        792  TTS_MSG_GETAUDIO  0  
[2020/03/10 09:00:46 861] tts        638  get audio|use purextts  
[2020/03/10 09:00:46 861] tts        671  0  nil  1  1815000631  
[2020/03/10 09:00:46 862] tts        792  TTS_MSG_GETAUDIO  0  
[2020/03/10 09:00:46 862] tts        638  get audio|use purextts  
[2020/03/10 09:00:46 862] tts        671  0  nil  1  1815000631  
[2020/03/10 09:00:46 862] tts        792  TTS_MSG_GETAUDIO  0  
[2020/03/10 09:00:46 862] tts        638  get audio|use purextts  
[2020/03/10 09:00:46 862] tts        671  0  nil  1  1815000631  
[2020/03/10 09:00:46 862] tts        792  TTS_MSG_GETAUDIO  0  
[2020/03/10 09:00:46 862] tts        638  get audio|use purextts  
[2020/03/10 09:00:46 862] tts        671  0  nil  1  1815000631  
[2020/03/10 09:00:46 862] tts        792  TTS_MSG_GETAUDIO  0  
[2020/03/10 09:00:46 863] tts        638  get audio|use purextts  
[2020/03/10 09:00:46 863] tts        671  0  nil  1  1815000632  
[2020/03/10 09:00:46 863] tts        792  TTS_MSG_GETAUDIO  0  
[2020/03/10 09:00:46 863] tts        638  get audio|use purextts  
[2020/03/10 09:00:46 863] tts        671  0  nil  1  1815000632  
[2020/03/10 09:00:46 863] tts        792  TTS_MSG_GETAUDIO  0  
[2020/03/10 09:00:46 863] tts        638  get audio|use purextts  
[2020/03/10 09:00:46 863] tts        671  0  nil  1  1815000632  
[2020/03/10 09:00:46 863] tts        792  TTS_MSG_GETAUDIO  0  
[2020/03/10 09:00:46 863] tts        638  get audio|use purextts  
[2020/03/10 09:00:46 863] tts        671  0  nil  1  1815000632  
[2020/03/10 09:00:46 863] tts        792  TTS_MSG_GETAUDIO  0  
[2020/03/10 09:00:46 863] tts        638  get audio|use purextts  
[2020/03/10 09:00:46 863] tts        671  0  nil  1  1815000633  
[2020/03/10 09:00:46 864] tts        792  TTS_MSG_GETAUDIO  0  
[2020/03/10 09:00:46 864] tts        638  get audio|use purextts  
[2020/03/10 09:00:46 864] tts        671  0  nil  1  1815000633  
[2020/03/10 09:00:46 864] tts        792  TTS_MSG_GETAUDIO  0  
[2020/03/10 09:00:46 864] tts        638  get audio|use purextts  
[2020/03/10 09:00:46 864] tts        671  0  nil  1  1815000633  
[2020/03/10 09:00:46 864] tts        792  TTS_MSG_GETAUDIO  0  
[2020/03/10 09:00:46 864] tts        638  get audio|use purextts  
[2020/03/10 09:00:46 864] tts        671  0  nil  1  1815000633  
[2020/03/10 09:00:46 864] tts        792  TTS_MSG_GETAUDIO  0  
[2020/03/10 09:00:46 864] tts        638  get audio|use purextts  
[2020/03/10 09:00:46 864] tts        671  0  nil  1  1815000633  
[2020/03/10 09:00:46 864] tts        792  TTS_MSG_GETAUDIO  0  
[2020/03/10 09:00:46 864] tts        638  get audio|use purextts  
[2020/03/10 09:00:46 864] tts        671  0  nil  1  1815000634  
[2020/03/10 09:00:46 865] tts        792  TTS_MSG_GETAUDIO  0  
[2020/03/10 09:00:46 865] tts        638  get audio|use purextts  
[2020/03/10 09:00:46 865] tts        671  0  nil  1  1815000634  
[2020/03/10 09:00:46 865] tts        792  TTS_MSG_GETAUDIO  0  
[2020/03/10 09:00:46 865] tts        638  get audio|use purextts  
[2020/03/10 09:00:46 865] tts        671  0  nil  1  1815000634  
[2020/03/10 09:00:46 865] tts        792  TTS_MSG_GETAUDIO  0  
[2020/03/10 09:00:46 865] tts        638  get audio|use purextts  
[2020/03/10 09:00:46 865] tts        671  0  nil  1  1815000634  
[2020/03/10 09:00:46 865] tts        792  TTS_MSG_GETAUDIO  0  
[2020/03/10 09:00:46 865] tts        638  get audio|use purextts  
[2020/03/10 09:00:46 865] tts        671  0  nil  1  1815000634  
[2020/03/10 09:00:46 865] tts        792  TTS_MSG_GETAUDIO  0  
[2020/03/10 09:00:46 865] tts        638  get audio|use purextts  
[2020/03/10 09:00:46 865] tts        671  0  nil  1  1815000635  
[2020/03/10 09:00:46 866] tts        792  TTS_MSG_GETAUDIO  0  
[2020/03/10 09:00:46 866] tts        638  get audio|use purextts  
[2020/03/10 09:00:46 866] tts        671  0  nil  1  1815000635  
[2020/03/10 09:00:46 866] tts        792  TTS_MSG_GETAUDIO  0  
[2020/03/10 09:00:46 866] tts        638  get audio|use purextts  
[2020/03/10 09:00:46 866] tts        671  0  nil  1  1815000635  
[2020/03/10 09:00:46 866] tts        792  TTS_MSG_GETAUDIO  0  
[2020/03/10 09:00:46 866] tts        638  get audio|use purextts  
[2020/03/10 09:00:46 866] tts        671  0  nil  1  1815000635  
[2020/03/10 09:00:46 866] tts        792  TTS_MSG_GETAUDIO  0  
[2020/03/10 09:00:46 866] tts        638  get audio|use purextts  
[2020/03/10 09:00:46 866] tts        671  0  nil  1  1815000636  
[2020/03/10 09:00:46 867] tts        792  TTS_MSG_GETAUDIO  0  
[2020/03/10 09:00:46 867] tts        638  get audio|use purextts  
[2020/03/10 09:00:46 867] tts        671  0  nil  1  1815000636  
[2020/03/10 09:00:46 867] tts        792  TTS_MSG_GETAUDIO  0  
[2020/03/10 09:00:46 867] tts        638  get audio|use purextts  
[2020/03/10 09:00:46 867] tts        671  0  nil  1  1815000636  
[2020/03/10 09:00:46 867] tts        792  TTS_MSG_GETAUDIO  0  
[2020/03/10 09:00:46 867] tts        638  get audio|use purextts  
[2020/03/10 09:00:46 867] tts        671  0  nil  1  1815000637  
[2020/03/10 09:00:46 868] tts        792  TTS_MSG_GETAUDIO  0  
[2020/03/10 09:00:46 868] tts        638  get audio|use purextts  
[2020/03/10 09:00:46 868] tts        671  0  nil  1  1815000637  
[2020/03/10 09:00:46 869] tts        792  TTS_MSG_GETAUDIO  0  
[2020/03/10 09:00:46 869] tts        638  get audio|use purextts  
[2020/03/10 09:00:46 870] tts        671  0  nil  1  1815000639  
[2020/03/10 09:00:46 870] tts        792  TTS_MSG_GETAUDIO  0  
[2020/03/10 09:00:46 870] tts        638  get audio|use purextts  
[2020/03/10 09:00:46 870] tts        671  0  nil  1  1815000639  
[2020/03/10 09:00:46 870] tts        792  TTS_MSG_GETAUDIO  0  
[2020/03/10 09:00:46 871] tts        638  get audio|use purextts  
[2020/03/10 09:00:46 871] tts        671  0  nil  1  1815000640  
[2020/03/10 09:00:46 871] tts        792  TTS_MSG_GETAUDIO  0  
[2020/03/10 09:00:46 871] tts        638  get audio|use purextts  
[2020/03/10 09:00:46 871] tts        671  0  nil  1  1815000640  
[2020/03/10 09:00:46 871] tts        792  TTS_MSG_GETAUDIO  0  
[2020/03/10 09:00:46 871] tts        638  get audio|use purextts  
[2020/03/10 09:00:46 871] tts        671  0  nil  1  1815000641  
[2020/03/10 09:00:46 872] tts        338  TTS_PUREXTTS_CB_BEGIN  
[2020/03/10 09:00:46 872] tts        792  TTS_MSG_GETAUDIO  0  
[2020/03/10 09:00:46 872] tts        638  get audio|use purextts  
[2020/03/10 09:00:46 872] tts        671  0  nil  1  1815000641  
[2020/03/10 09:00:46 872] tts        792  TTS_MSG_GETAUDIO  0  
[2020/03/10 09:00:46 872] tts        638  get audio|use purextts  
[2020/03/10 09:00:46 872] tts        671  0  nil  1  1815000641  
[2020/03/10 09:00:46 873] tts        792  TTS_MSG_GETAUDIO  0  
[2020/03/10 09:00:46 873] tts        638  get audio|use purextts  
[2020/03/10 09:00:46 873] tts        671  0  nil  1  1815000642  
[2020/03/10 09:00:46 873] tts        792  TTS_MSG_GETAUDIO  0  
[2020/03/10 09:00:46 873] tts        638  get audio|use purextts  
[2020/03/10 09:00:46 873] tts        671  0  nil  1  1815000642  
[2020/03/10 09:00:46 873] tts        792  TTS_MSG_GETAUDIO  0  
[2020/03/10 09:00:46 873] tts        638  get audio|use purextts  
[2020/03/10 09:00:46 873] tts        671  0  nil  1  1815000642  
[2020/03/10 09:00:46 873] tts        792  TTS_MSG_GETAUDIO  0  
[2020/03/10 09:00:46 873] tts        638  get audio|use purextts  
[2020/03/10 09:00:46 873] tts        671  0  nil  1  1815000642  
[2020/03/10 09:00:46 873] tts        792  TTS_MSG_GETAUDIO  0  
[2020/03/10 09:00:46 873] tts        638  get audio|use purextts  
[2020/03/10 09:00:46 873] tts        671  0  nil  1  1815000643  
[2020/03/10 09:00:46 874] tts        792  TTS_MSG_GETAUDIO  0  
[2020/03/10 09:00:46 874] tts        638  get audio|use purextts  
[2020/03/10 09:00:46 874] tts        671  0  nil  1  1815000643  
[2020/03/10 09:00:46 874] tts        792  TTS_MSG_GETAUDIO  0  
[2020/03/10 09:00:46 874] tts        638  get audio|use purextts  
[2020/03/10 09:00:46 874] tts        671  0  nil  1  1815000643  
[2020/03/10 09:00:46 874] tts        792  TTS_MSG_GETAUDIO  0  
[2020/03/10 09:00:46 874] tts        638  get audio|use purextts  
[2020/03/10 09:00:46 874] tts        671  0  nil  1  1815000643  
[2020/03/10 09:00:46 874] tts        792  TTS_MSG_GETAUDIO  0  
[2020/03/10 09:00:46 874] tts        638  get audio|use purextts  
[2020/03/10 09:00:46 874] tts        671  0  nil  1  1815000643  
[2020/03/10 09:00:46 875] tts        792  TTS_MSG_GETAUDIO  0  
[2020/03/10 09:00:46 875] tts        638  get audio|use purextts  
[2020/03/10 09:00:46 875] tts        671  0  nil  1  1815000644  
[2020/03/10 09:00:46 875] tts        792  TTS_MSG_GETAUDIO  0  
[2020/03/10 09:00:46 875] tts        638  get audio|use purextts  
[2020/03/10 09:00:46 875] tts        671  0  nil  1  1815000644  
[2020/03/10 09:00:46 875] tts        792  TTS_MSG_GETAUDIO  0  
[2020/03/10 09:00:46 875] tts        638  get audio|use purextts  
[2020/03/10 09:00:46 875] tts        671  0  nil  1  1815000644  
[2020/03/10 09:00:46 875] tts        792  TTS_MSG_GETAUDIO  0  
[2020/03/10 09:00:46 875] tts        638  get audio|use purextts  
[2020/03/10 09:00:46 875] tts        671  0  nil  1  1815000645  
[2020/03/10 09:00:46 875] tts        792  TTS_MSG_GETAUDIO  0  
[2020/03/10 09:00:46 875] tts        638  get audio|use purextts  
[2020/03/10 09:00:46 875] tts        671  0  nil  1  1815000645  
[2020/03/10 09:00:46 876] tts        792  TTS_MSG_GETAUDIO  0  
[2020/03/10 09:00:46 876] tts        638  get audio|use purextts  
[2020/03/10 09:00:46 876] tts        671  0  nil  1  1815000645  
[2020/03/10 09:00:46 876] tts        792  TTS_MSG_GETAUDIO  0  
[2020/03/10 09:00:46 876] tts        638  get audio|use purextts  
[2020/03/10 09:00:46 876] tts        671  0  nil  1  1815000645  
[2020/03/10 09:00:46 876] tts        792  TTS_MSG_GETAUDIO  0  
[2020/03/10 09:00:46 876] tts        638  get audio|use purextts  
[2020/03/10 09:00:46 876] tts        671  0  nil  1  1815000645  
[2020/03/10 09:00:46 876] tts        792  TTS_MSG_GETAUDIO  0  
[2020/03/10 09:00:46 876] tts        638  get audio|use purextts  
[2020/03/10 09:00:46 876] tts        671  0  nil  1  1815000646  
[2020/03/10 09:00:46 876] tts        792  TTS_MSG_GETAUDIO  0  
[2020/03/10 09:00:46 876] tts        638  get audio|use purextts  
[2020/03/10 09:00:46 877] tts        671  0  nil  1  1815000646  
[2020/03/10 09:00:46 877] tts        792  TTS_MSG_GETAUDIO  0  
[2020/03/10 09:00:46 877] tts        638  get audio|use purextts  
[2020/03/10 09:00:46 877] tts        671  0  nil  1  1815000646  
[2020/03/10 09:00:46 877] tts        350  TTS_PUREXTTS_CB_OUTPUT  101  udata(30016a88) 12  
[2020/03/10 09:00:46 878] tts        354  udata(30016a88) 12  
[2020/03/10 09:00:46 878] tts        792  TTS_MSG_GETAUDIO  0  
[2020/03/10 09:00:46 878] tts        638  get audio|use purextts  
[2020/03/10 09:00:46 878] tts        649  960  
[2020/03/10 09:00:46 878] tts        653  local audiolen:  960  ,ced:  12  
[2020/03/10 09:00:46 878] tts        671  0  udata(3027f4b8) 1  1815000647  
[2020/03/10 09:00:46 878] tts        350  TTS_PUREXTTS_CB_OUTPUT  101  udata(3025a9e8) 12  
[2020/03/10 09:00:46 878] tts        354  udata(3025a9e8) 12  
[2020/03/10 09:00:46 878] tts        792  TTS_MSG_GETAUDIO  0  
[2020/03/10 09:00:46 878] tts        638  get audio|use purextts  
[2020/03/10 09:00:46 878] tts        649  960  
[2020/03/10 09:00:46 878] tts        653  local audiolen:  960  ,ced:  12  
[2020/03/10 09:00:46 878] tts        671  0  udata(3025a738) 1  1815000647  
[2020/03/10 09:00:46 878] tts        792  TTS_MSG_GETAUDIO  0  
[2020/03/10 09:00:46 878] tts        638  get audio|use purextts  
[2020/03/10 09:00:46 878] tts        671  0  nil  1  1815000648  
[2020/03/10 09:00:46 879] tts        792  TTS_MSG_GETAUDIO  0  
[2020/03/10 09:00:46 879] tts        638  get audio|use purextts  
[2020/03/10 09:00:46 879] tts        671  0  nil  1  1815000648  
[2020/03/10 09:00:46 879] tts        792  TTS_MSG_GETAUDIO  0  
[2020/03/10 09:00:46 879] tts        638  get audio|use purextts  
[2020/03/10 09:00:46 879] tts        671  0  nil  1  1815000648  
[2020/03/10 09:00:46 879] tts        792  TTS_MSG_GETAUDIO  0  
[2020/03/10 09:00:46 879] tts        638  get audio|use purextts  
[2020/03/10 09:00:46 879] tts        671  0  nil  1  1815000648  
[2020/03/10 09:00:46 879] tts        792  TTS_MSG_GETAUDIO  0  
[2020/03/10 09:00:46 879] tts        638  get audio|use purextts  
[2020/03/10 09:00:46 879] tts        671  0  nil  1  1815000648  
[2020/03/10 09:00:46 879] tts        792  TTS_MSG_GETAUDIO  0  
[2020/03/10 09:00:46 879] tts        638  get audio|use purextts  
[2020/03/10 09:00:46 879] tts        671  0  nil  1  1815000649  
[2020/03/10 09:00:46 880] tts        792  TTS_MSG_GETAUDIO  0  
[2020/03/10 09:00:46 880] tts        638  get audio|use purextts  
[2020/03/10 09:00:46 880] tts        671  0  nil  1  1815000649  
[2020/03/10 09:00:46 880] tts        792  TTS_MSG_GETAUDIO  0  
[2020/03/10 09:00:46 880] tts        638  get audio|use purextts  
[2020/03/10 09:00:46 880] tts        671  0  nil  1  1815000649  
[2020/03/10 09:00:46 880] tts        792  TTS_MSG_GETAUDIO  0  
[2020/03/10 09:00:46 880] tts        638  get audio|use purextts  
[2020/03/10 09:00:46 880] tts        671  0  nil  1  1815000649  
[2020/03/10 09:00:46 880] tts        792  TTS_MSG_GETAUDIO  0  
[2020/03/10 09:00:46 880] tts        638  get audio|use purextts  
[2020/03/10 09:00:46 880] tts        671  0  nil  1  1815000649  
[2020/03/10 09:00:46 880] tts        792  TTS_MSG_GETAUDIO  0  
[2020/03/10 09:00:46 880] tts        638  get audio|use purextts  
[2020/03/10 09:00:46 880] tts        671  0  nil  1  1815000650  
[2020/03/10 09:00:46 881] tts        792  TTS_MSG_GETAUDIO  0  
[2020/03/10 09:00:46 881] tts        638  get audio|use purextts  
[2020/03/10 09:00:46 881] tts        671  0  nil  1  1815000650  
[2020/03/10 09:00:46 881] tts        792  TTS_MSG_GETAUDIO  0  
[2020/03/10 09:00:46 881] tts        638  get audio|use purextts  
[2020/03/10 09:00:46 881] tts        671  0  nil  1  1815000650  
[2020/03/10 09:00:46 881] tts        792  TTS_MSG_GETAUDIO  0  
[2020/03/10 09:00:46 881] tts        638  get audio|use purextts  
[2020/03/10 09:00:46 881] tts        671  0  nil  1  1815000650  
[2020/03/10 09:00:46 881] tts        792  TTS_MSG_GETAUDIO  0  
[2020/03/10 09:00:46 881] tts        638  get audio|use purextts  
[2020/03/10 09:00:46 881] tts        671  0  nil  1  1815000650  
[2020/03/10 09:00:46 881] tts        792  TTS_MSG_GETAUDIO  0  
[2020/03/10 09:00:46 881] tts        638  get audio|use purextts  
[2020/03/10 09:00:46 881] tts        671  0  nil  1  1815000651  
[2020/03/10 09:00:46 882] tts        792  TTS_MSG_GETAUDIO  0  
[2020/03/10 09:00:46 882] tts        638  get audio|use purextts  
[2020/03/10 09:00:46 882] tts        671  0  nil  1  1815000651  
[2020/03/10 09:00:46 882] tts        792  TTS_MSG_GETAUDIO  0  
[2020/03/10 09:00:46 882] tts        638  get audio|use purextts  
[2020/03/10 09:00:46 882] tts        671  0  nil  1  1815000651  
[2020/03/10 09:00:46 882] tts        792  TTS_MSG_GETAUDIO  0  
[2020/03/10 09:00:46 882] tts        638  get audio|use purextts  
[2020/03/10 09:00:46 882] tts        671  0  nil  1  1815000652  
[2020/03/10 09:00:46 882] tts        792  TTS_MSG_GETAUDIO  0  
[2020/03/10 09:00:46 882] tts        638  get audio|use purextts  
[2020/03/10 09:00:46 883] tts        671  0  nil  1  1815000652  
[2020/03/10 09:00:46 883] tts        792  TTS_MSG_GETAUDIO  0  
[2020/03/10 09:00:46 883] tts        638  get audio|use purextts  
[2020/03/10 09:00:46 883] tts        671  0  nil  1  1815000652  
[2020/03/10 09:00:46 885] tts        792  TTS_MSG_GETAUDIO  0  
[2020/03/10 09:00:46 885] tts        638  get audio|use purextts  
[2020/03/10 09:00:46 886] tts        671  0  nil  1  1815000655  
[2020/03/10 09:00:46 889] tts        792  TTS_MSG_GETAUDIO  0  
[2020/03/10 09:00:46 889] tts        638  get audio|use purextts  
[2020/03/10 09:00:46 889] tts        671  0  nil  1  1815000658  
[2020/03/10 09:00:46 889] tts        792  TTS_MSG_GETAUDIO  0  
[2020/03/10 09:00:46 889] tts        638  get audio|use purextts  
[2020/03/10 09:00:46 889] tts        671  0  nil  1  1815000658  
[2020/03/10 09:00:46 889] tts        792  TTS_MSG_GETAUDIO  0  
[2020/03/10 09:00:46 889] tts        638  get audio|use purextts  
[2020/03/10 09:00:46 889] tts        671  0  nil  1  1815000658  
[2020/03/10 09:00:46 889] tts        792  TTS_MSG_GETAUDIO  0  
[2020/03/10 09:00:46 889] tts        638  get audio|use purextts  
[2020/03/10 09:00:46 889] tts        671  0  nil  1  1815000659  
[2020/03/10 09:00:46 890] tts        792  TTS_MSG_GETAUDIO  0  
[2020/03/10 09:00:46 890] tts        638  get audio|use purextts  
[2020/03/10 09:00:46 890] tts        671  0  nil  1  1815000659  
[2020/03/10 09:00:46 890] tts        792  TTS_MSG_GETAUDIO  0  
[2020/03/10 09:00:46 890] tts        638  get audio|use purextts  
[2020/03/10 09:00:46 890] tts        671  0  nil  1  1815000659  
[2020/03/10 09:00:46 890] tts        792  TTS_MSG_GETAUDIO  0  
[2020/03/10 09:00:46 890] tts        638  get audio|use purextts  
[2020/03/10 09:00:46 890] tts        671  0  nil  1  1815000659  
[2020/03/10 09:00:46 890] tts        792  TTS_MSG_GETAUDIO  0  
[2020/03/10 09:00:46 890] tts        638  get audio|use purextts  
[2020/03/10 09:00:46 890] tts        671  0  nil  1  1815000659  
[2020/03/10 09:00:46 890] tts        792  TTS_MSG_GETAUDIO  0  
[2020/03/10 09:00:46 890] tts        638  get audio|use purextts  
[2020/03/10 09:00:46 890] tts        671  0  nil  1  1815000660  
[2020/03/10 09:00:46 891] tts        792  TTS_MSG_GETAUDIO  0  
[2020/03/10 09:00:46 891] tts        638  get audio|use purextts  
[2020/03/10 09:00:46 891] tts        671  0  nil  1  1815000660  
[2020/03/10 09:00:46 891] tts        792  TTS_MSG_GETAUDIO  0  
[2020/03/10 09:00:46 891] tts        638  get audio|use purextts  
[2020/03/10 09:00:46 891] tts        671  0  nil  1  1815000660  
[2020/03/10 09:00:46 891] tts        792  TTS_MSG_GETAUDIO  0  
[2020/03/10 09:00:46 891] tts        638  get audio|use purextts  
[2020/03/10 09:00:46 891] tts        671  0  nil  1  1815000660  
[2020/03/10 09:00:46 891] tts        792  TTS_MSG_GETAUDIO  0  
[2020/03/10 09:00:46 891] tts        638  get audio|use purextts  
[2020/03/10 09:00:46 891] tts        671  0  nil  1  1815000661  
[2020/03/10 09:00:46 891] tts        792  TTS_MSG_GETAUDIO  0  
[2020/03/10 09:00:46 891] tts        638  get audio|use purextts  
[2020/03/10 09:00:46 891] tts        671  0  nil  1  1815000661  
[2020/03/10 09:00:46 892] tts        792  TTS_MSG_GETAUDIO  0  
[2020/03/10 09:00:46 892] tts        638  get audio|use purextts  
[2020/03/10 09:00:46 892] tts        671  0  nil  1  1815000661  
[2020/03/10 09:00:46 892] tts        792  TTS_MSG_GETAUDIO  0  
[2020/03/10 09:00:46 892] tts        638  get audio|use purextts  
[2020/03/10 09:00:46 892] tts        671  0  nil  1  1815000661  
[2020/03/10 09:00:46 892] tts        792  TTS_MSG_GETAUDIO  0  
[2020/03/10 09:00:46 892] tts        638  get audio|use purextts  
[2020/03/10 09:00:46 892] tts        671  0  nil  1  1815000661  
[2020/03/10 09:00:46 892] tts        792  TTS_MSG_GETAUDIO  0  
[2020/03/10 09:00:46 892] tts        638  get audio|use purextts  
[2020/03/10 09:00:46 892] tts        671  0  nil  1  1815000662  
[2020/03/10 09:00:46 893] tts        792  TTS_MSG_GETAUDIO  0  
[2020/03/10 09:00:46 893] tts        638  get audio|use purextts  
[2020/03/10 09:00:46 893] tts        671  0  nil  1  1815000662  
[2020/03/10 09:00:46 893] tts        792  TTS_MSG_GETAUDIO  0  
[2020/03/10 09:00:46 893] tts        638  get audio|use purextts  
[2020/03/10 09:00:46 893] tts        671  0  nil  1  1815000662  
[2020/03/10 09:00:46 893] tts        792  TTS_MSG_GETAUDIO  0  
[2020/03/10 09:00:46 893] tts        638  get audio|use purextts  
[2020/03/10 09:00:46 893] tts        671  0  nil  1  1815000662  
[2020/03/10 09:00:46 893] tts        792  TTS_MSG_GETAUDIO  0  
[2020/03/10 09:00:46 893] tts        638  get audio|use purextts  
[2020/03/10 09:00:46 893] tts        671  0  nil  1  1815000662  
[2020/03/10 09:00:46 893] tts        792  TTS_MSG_GETAUDIO  0  
[2020/03/10 09:00:46 893] tts        638  get audio|use purextts  
[2020/03/10 09:00:46 893] tts        671  0  nil  1  1815000663  
[2020/03/10 09:00:46 894] tts        792  TTS_MSG_GETAUDIO  0  
[2020/03/10 09:00:46 894] tts        638  get audio|use purextts  
[2020/03/10 09:00:46 894] tts        671  0  nil  1  1815000663  
[2020/03/10 09:00:46 894] tts        792  TTS_MSG_GETAUDIO  0  
[2020/03/10 09:00:46 894] tts        638  get audio|use purextts  
[2020/03/10 09:00:46 894] tts        671  0  nil  1  1815000663  
[2020/03/10 09:00:46 894] tts        792  TTS_MSG_GETAUDIO  0  
[2020/03/10 09:00:46 894] tts        638  get audio|use purextts  
[2020/03/10 09:00:46 894] tts        671  0  nil  1  1815000663  
[2020/03/10 09:00:46 894] tts        792  TTS_MSG_GETAUDIO  0  
[2020/03/10 09:00:46 894] tts        638  get audio|use purextts  
[2020/03/10 09:00:46 894] tts        671  0  nil  1  1815000663  
[2020/03/10 09:00:46 894] tts        792  TTS_MSG_GETAUDIO  0  
[2020/03/10 09:00:46 894] tts        638  get audio|use purextts  
[2020/03/10 09:00:46 894] tts        671  0  nil  1  1815000664  
[2020/03/10 09:00:46 895] tts        792  TTS_MSG_GETAUDIO  0  
[2020/03/10 09:00:46 895] tts        638  get audio|use purextts  
[2020/03/10 09:00:46 895] tts        671  0  nil  1  1815000664  
[2020/03/10 09:00:46 895] tts        792  TTS_MSG_GETAUDIO  0  
[2020/03/10 09:00:46 895] tts        638  get audio|use purextts  
[2020/03/10 09:00:46 895] tts        671  0  nil  1  1815000664  
[2020/03/10 09:00:46 895] tts        792  TTS_MSG_GETAUDIO  0  
[2020/03/10 09:00:46 895] tts        638  get audio|use purextts  
[2020/03/10 09:00:46 895] tts        671  0  nil  1  1815000664  
[2020/03/10 09:00:46 895] tts        792  TTS_MSG_GETAUDIO  0  
[2020/03/10 09:00:46 895] tts        638  get audio|use purextts  
[2020/03/10 09:00:46 895] tts        671  0  nil  1  1815000665  
[2020/03/10 09:00:46 895] tts        792  TTS_MSG_GETAUDIO  0  
[2020/03/10 09:00:46 896] tts        638  get audio|use purextts  
[2020/03/10 09:00:46 896] tts        671  0  nil  1  1815000665  
[2020/03/10 09:00:46 896] tts        792  TTS_MSG_GETAUDIO  0  
[2020/03/10 09:00:46 896] tts        638  get audio|use purextts  
[2020/03/10 09:00:46 896] tts        671  0  nil  1  1815000665  
[2020/03/10 09:00:46 896] tts        792  TTS_MSG_GETAUDIO  0  
[2020/03/10 09:00:46 896] tts        638  get audio|use purextts  
[2020/03/10 09:00:46 896] tts        671  0  nil  1  1815000665  
[2020/03/10 09:00:46 896] tts        792  TTS_MSG_GETAUDIO  0  
[2020/03/10 09:00:46 896] tts        638  get audio|use purextts  
[2020/03/10 09:00:46 896] tts        671  0  nil  1  1815000665  
[2020/03/10 09:00:46 896] tts        792  TTS_MSG_GETAUDIO  0  
[2020/03/10 09:00:46 896] tts        638  get audio|use purextts  
[2020/03/10 09:00:46 896] tts        671  0  nil  1  1815000666  
[2020/03/10 09:00:46 897] tts        792  TTS_MSG_GETAUDIO  0  
[2020/03/10 09:00:46 897] tts        638  get audio|use purextts  
[2020/03/10 09:00:46 897] tts        671  0  nil  1  1815000666  
[2020/03/10 09:00:46 897] tts        792  TTS_MSG_GETAUDIO  0  
[2020/03/10 09:00:46 897] tts        638  get audio|use purextts  
[2020/03/10 09:00:46 897] tts        671  0  nil  1  1815000667  
[2020/03/10 09:00:46 897] tts        792  TTS_MSG_GETAUDIO  0  
[2020/03/10 09:00:46 897] tts        638  get audio|use purextts  
[2020/03/10 09:00:46 897] tts        671  0  nil  1  1815000667  
[2020/03/10 09:00:46 898] tts        792  TTS_MSG_GETAUDIO  0  
[2020/03/10 09:00:46 898] tts        638  get audio|use purextts  
[2020/03/10 09:00:46 898] tts        671  0  nil  1  1815000667  
[2020/03/10 09:00:46 898] tts        792  TTS_MSG_GETAUDIO  0  
[2020/03/10 09:00:46 898] tts        638  get audio|use purextts  
[2020/03/10 09:00:46 898] tts        671  0  nil  1  1815000667  
[2020/03/10 09:00:46 898] tts        792  TTS_MSG_GETAUDIO  0  
[2020/03/10 09:00:46 898] tts        638  get audio|use purextts  
[2020/03/10 09:00:46 898] tts        671  0  nil  1  1815000667  
[2020/03/10 09:00:46 898] tts        792  TTS_MSG_GETAUDIO  0  
[2020/03/10 09:00:46 898] tts        638  get audio|use purextts  
[2020/03/10 09:00:46 898] tts        671  0  nil  1  1815000668  
[2020/03/10 09:00:46 898] tts        792  TTS_MSG_GETAUDIO  0  
[2020/03/10 09:00:46 899] tts        638  get audio|use purextts  
[2020/03/10 09:00:46 899] tts        671  0  nil  1  1815000668  
[2020/03/10 09:00:46 899] tts        792  TTS_MSG_GETAUDIO  0  
[2020/03/10 09:00:46 899] tts        638  get audio|use purextts  
[2020/03/10 09:00:46 899] tts        671  0  nil  1  1815000668  
[2020/03/10 09:00:46 899] tts        792  TTS_MSG_GETAUDIO  0  
[2020/03/10 09:00:46 899] tts        638  get audio|use purextts  
[2020/03/10 09:00:46 899] tts        671  0  nil  1  1815000668  
[2020/03/10 09:00:46 899] tts        792  TTS_MSG_GETAUDIO  0  
[2020/03/10 09:00:46 899] tts        638  get audio|use purextts  
[2020/03/10 09:00:46 899] tts        671  0  nil  1  1815000668  
[2020/03/10 09:00:46 899] tts        792  TTS_MSG_GETAUDIO  0  
[2020/03/10 09:00:46 899] tts        638  get audio|use purextts  
[2020/03/10 09:00:46 899] tts        671  0  nil  1  1815000669  
[2020/03/10 09:00:46 899] tts        792  TTS_MSG_GETAUDIO  0  
[2020/03/10 09:00:46 900] tts        638  get audio|use purextts  
[2020/03/10 09:00:46 900] tts        671  0  nil  1  1815000669  
[2020/03/10 09:00:46 900] tts        792  TTS_MSG_GETAUDIO  0  
[2020/03/10 09:00:46 900] tts        638  get audio|use purextts  
[2020/03/10 09:00:46 900] tts        671  0  nil  1  1815000669  
[2020/03/10 09:00:46 900] tts        792  TTS_MSG_GETAUDIO  0  
[2020/03/10 09:00:46 900] tts        638  get audio|use purextts  
[2020/03/10 09:00:46 900] tts        671  0  nil  1  1815000669  
[2020/03/10 09:00:46 900] tts        792  TTS_MSG_GETAUDIO  0  
[2020/03/10 09:00:46 900] tts        638  get audio|use purextts  
[2020/03/10 09:00:46 900] tts        671  0  nil  1  1815000669  
[2020/03/10 09:00:46 901] tts        792  TTS_MSG_GETAUDIO  0  
[2020/03/10 09:00:46 901] tts        638  get audio|use purextts  
[2020/03/10 09:00:46 901] tts        671  0  nil  1  1815000670  
[2020/03/10 09:00:46 901] tts        350  TTS_PUREXTTS_CB_OUTPUT  101  udata(3025a7e8) 12  
[2020/03/10 09:00:46 901] tts        354  udata(3025a7e8) 12  
[2020/03/10 09:00:46 901] tts        350  TTS_PUREXTTS_CB_OUTPUT  101  udata(300162a8) 12  
[2020/03/10 09:00:46 901] tts        354  udata(300162a8) 12  
[2020/03/10 09:00:46 902] tts        350  TTS_PUREXTTS_CB_OUTPUT  101  udata(30016398) 12  
[2020/03/10 09:00:46 902] tts        354  udata(30016398) 12  
[2020/03/10 09:00:46 902] tts        350  TTS_PUREXTTS_CB_OUTPUT  101  udata(3027f668) 12  
[2020/03/10 09:00:46 902] tts        354  udata(3027f668) 12  
[2020/03/10 09:00:46 902] tts        792  TTS_MSG_GETAUDIO  0  
[2020/03/10 09:00:46 902] tts        638  get audio|use purextts  
[2020/03/10 09:00:46 902] tts        649  960  
[2020/03/10 09:00:46 902] tts        653  local audiolen:  960  ,ced:  12  
[2020/03/10 09:00:46 902] tts        671  0  udata(30016348) 1  1815000672  
[2020/03/10 09:00:46 903] tts        350  TTS_PUREXTTS_CB_OUTPUT  101  udata(3027f768) 12  
[2020/03/10 09:00:46 903] tts        354  udata(3027f768) 12  
[2020/03/10 09:00:46 914] tts        350  TTS_PUREXTTS_CB_OUTPUT  101  udata(30259028) 12  
[2020/03/10 09:00:46 915] tts        354  udata(30259028) 12  
[2020/03/10 09:00:46 917] tts        350  TTS_PUREXTTS_CB_OUTPUT  101  udata(30259e58) 12  
[2020/03/10 09:00:46 917] tts        354  udata(30259e58) 12  
[2020/03/10 09:00:46 917] tts        350  TTS_PUREXTTS_CB_OUTPUT  101  udata(30259f58) 12  
[2020/03/10 09:00:46 917] tts        354  udata(30259f58) 12  
[2020/03/10 09:00:46 917] tts        350  TTS_PUREXTTS_CB_OUTPUT  101  udata(30258e88) 12  
[2020/03/10 09:00:46 917] tts        354  udata(30258e88) 12  
[2020/03/10 09:00:46 917] tts        350  TTS_PUREXTTS_CB_OUTPUT  101  udata(3025a218) 12  
[2020/03/10 09:00:46 917] tts        354  udata(3025a218) 12  
[2020/03/10 09:00:46 917] tts        350  TTS_PUREXTTS_CB_OUTPUT  101  udata(3025a318) 12  
[2020/03/10 09:00:46 917] tts        354  udata(3025a318) 12  
[2020/03/10 09:00:46 917] tts        350  TTS_PUREXTTS_CB_OUTPUT  101  udata(3025a418) 12  
[2020/03/10 09:00:46 917] tts        354  udata(3025a418) 12  
[2020/03/10 09:00:46 917] tts        350  TTS_PUREXTTS_CB_OUTPUT  101  udata(3025a518) 12  
[2020/03/10 09:00:46 917] tts        354  udata(3025a518) 12  
[2020/03/10 09:00:46 918] tts        350  TTS_PUREXTTS_CB_OUTPUT  101  udata(3025a618) 12  
[2020/03/10 09:00:46 918] tts        354  udata(3025a618) 12  
[2020/03/10 09:00:46 918] tts        792  TTS_MSG_GETAUDIO  0  
[2020/03/10 09:00:46 918] tts        638  get audio|use purextts  
[2020/03/10 09:00:46 918] tts        649  918  
[2020/03/10 09:00:46 918] tts        653  local audiolen:  918  ,ced:  12  
[2020/03/10 09:00:46 918] tts        671  0  udata(30271c48) 1  1815000687  
[2020/03/10 09:00:46 922] tts        792  TTS_MSG_GETAUDIO  0  
[2020/03/10 09:00:46 922] tts        638  get audio|use purextts  
[2020/03/10 09:00:46 922] tts        649  948  
[2020/03/10 09:00:46 922] tts        653  local audiolen:  948  ,ced:  12  
[2020/03/10 09:00:46 922] tts        671  0  udata(30271cf8) 1  1815000691  
[2020/03/10 09:00:46 922] tts        350  TTS_PUREXTTS_CB_OUTPUT  101  udata(30271d48) 12  
[2020/03/10 09:00:46 922] tts        354  udata(30271d48) 12  
[2020/03/10 09:00:46 922] tts        792  TTS_MSG_GETAUDIO  0  
[2020/03/10 09:00:46 922] tts        638  get audio|use purextts  
[2020/03/10 09:00:46 922] tts        649  908  
[2020/03/10 09:00:46 922] tts        653  local audiolen:  908  ,ced:  12  
[2020/03/10 09:00:46 922] tts        671  0  udata(30271de8) 1  1815000691  
[2020/03/10 09:00:46 925] tts        350  TTS_PUREXTTS_CB_OUTPUT  101  udata(30271e98) 12  
[2020/03/10 09:00:46 925] tts        354  udata(30271e98) 12  
[2020/03/10 09:00:46 925] tts        350  TTS_PUREXTTS_CB_OUTPUT  101  udata(3025a058) 12  
[2020/03/10 09:00:46 925] tts        354  udata(3025a058) 12  
[2020/03/10 09:00:46 925] tts        350  TTS_PUREXTTS_CB_OUTPUT  101  udata(30272148) 12  
[2020/03/10 09:00:46 925] tts        354  udata(30272148) 12  
[2020/03/10 09:00:46 925] tts        350  TTS_PUREXTTS_CB_OUTPUT  101  udata(30272248) 12  
[2020/03/10 09:00:46 925] tts        354  udata(30272248) 12  
[2020/03/10 09:00:46 925] tts        350  TTS_PUREXTTS_CB_OUTPUT  101  udata(30272348) 12  
[2020/03/10 09:00:46 925] tts        354  udata(30272348) 12  
[2020/03/10 09:00:46 925] tts        350  TTS_PUREXTTS_CB_OUTPUT  101  udata(30272448) 12  
[2020/03/10 09:00:46 925] tts        354  udata(30272448) 12  
[2020/03/10 09:00:46 925] tts        350  TTS_PUREXTTS_CB_OUTPUT  101  udata(30272548) 12  
[2020/03/10 09:00:46 925] tts        354  udata(30272548) 12  
[2020/03/10 09:00:46 926] tts        350  TTS_PUREXTTS_CB_OUTPUT  101  udata(30272648) 12  
[2020/03/10 09:00:46 926] tts        354  udata(30272648) 12  
[2020/03/10 09:00:46 926] tts        792  TTS_MSG_GETAUDIO  0  
[2020/03/10 09:00:46 926] tts        638  get audio|use purextts  
[2020/03/10 09:00:46 926] tts        649  1024  
[2020/03/10 09:00:46 926] tts        653  local audiolen:  1024  ,ced:  12  
[2020/03/10 09:00:46 926] tts        671  0  udata(3025aa88) 1  1815000695  
[2020/03/10 09:00:46 926] tts        792  TTS_MSG_GETAUDIO  0  
[2020/03/10 09:00:46 926] tts        638  get audio|use purextts  
[2020/03/10 09:00:46 926] tts        649  990  
[2020/03/10 09:00:46 926] tts        653  local audiolen:  990  ,ced:  12  
[2020/03/10 09:00:46 926] tts        671  0  udata(30272b38) 1  1815000695  
[2020/03/10 09:00:46 926] tts        792  TTS_MSG_GETAUDIO  0  
[2020/03/10 09:00:46 926] tts        638  get audio|use purextts  
[2020/03/10 09:00:46 926] tts        649  870  
[2020/03/10 09:00:46 926] tts        653  local audiolen:  870  ,ced:  12  
[2020/03/10 09:00:46 926] tts        671  0  udata(3027f468) 1  1815000695  
[2020/03/10 09:00:46 926] tts        792  TTS_MSG_GETAUDIO  0  
[2020/03/10 09:00:46 926] tts        638  get audio|use purextts  
[2020/03/10 09:00:46 926] tts        649  854  
[2020/03/10 09:00:46 926] tts        653  local audiolen:  854  ,ced:  12  
[2020/03/10 09:00:46 926] tts        671  0  udata(3025ab98) 1  1815000696  
[2020/03/10 09:00:46 927] tts        792  TTS_MSG_GETAUDIO  0  
[2020/03/10 09:00:46 927] tts        638  get audio|use purextts  
[2020/03/10 09:00:46 927] tts        649  994  
[2020/03/10 09:00:46 927] tts        653  local audiolen:  994  ,ced:  12  
[2020/03/10 09:00:46 927] tts        671  0  udata(3025abe8) 1  1815000696  
[2020/03/10 09:00:46 927] tts        792  TTS_MSG_GETAUDIO  0  
[2020/03/10 09:00:46 927] tts        638  get audio|use purextts  
[2020/03/10 09:00:46 927] tts        649  1008  
[2020/03/10 09:00:46 927] tts        653  local audiolen:  1008  ,ced:  12  
[2020/03/10 09:00:46 927] tts        671  0  udata(3025a6b8) 1  1815000696  
[2020/03/10 09:00:46 927] tts        792  TTS_MSG_GETAUDIO  0  
[2020/03/10 09:00:46 927] tts        638  get audio|use purextts  
[2020/03/10 09:00:46 927] tts        649  874  
[2020/03/10 09:00:46 927] tts        653  local audiolen:  874  ,ced:  12  
[2020/03/10 09:00:46 927] tts        671  0  udata(3025a898) 1  1815000696  
[2020/03/10 09:00:46 927] tts        792  TTS_MSG_GETAUDIO  0  
[2020/03/10 09:00:46 927] tts        638  get audio|use purextts  
[2020/03/10 09:00:46 927] tts        649  890  
[2020/03/10 09:00:46 927] tts        653  local audiolen:  890  ,ced:  12  
[2020/03/10 09:00:46 927] tts        671  0  udata(30272f18) 1  1815000697  
[2020/03/10 09:00:46 927] tts        792  TTS_MSG_GETAUDIO  0  
[2020/03/10 09:00:46 927] tts        638  get audio|use purextts  
[2020/03/10 09:00:46 928] tts        649  852  
[2020/03/10 09:00:46 928] tts        653  local audiolen:  852  ,ced:  12  
[2020/03/10 09:00:46 928] tts        671  0  udata(3025a918) 1  1815000697  
[2020/03/10 09:00:46 928] tts        792  TTS_MSG_GETAUDIO  0  
[2020/03/10 09:00:46 928] tts        638  get audio|use purextts  
[2020/03/10 09:00:46 928] tts        649  956  
[2020/03/10 09:00:46 928] tts        653  local audiolen:  956  ,ced:  12  
[2020/03/10 09:00:46 928] tts        671  0  udata(30273338) 1  1815000697  
[2020/03/10 09:00:46 928] tts        792  TTS_MSG_GETAUDIO  0  
[2020/03/10 09:00:46 928] tts        638  get audio|use purextts  
[2020/03/10 09:00:46 928] tts        649  858  
[2020/03/10 09:00:46 928] tts        653  local audiolen:  858  ,ced:  12  
[2020/03/10 09:00:46 928] tts        671  0  udata(30273388) 1  1815000697  
[2020/03/10 09:00:46 928] tts        792  TTS_MSG_GETAUDIO  0  
[2020/03/10 09:00:46 928] tts        638  get audio|use purextts  
[2020/03/10 09:00:46 928] tts        649  810  
[2020/03/10 09:00:46 928] tts        653  local audiolen:  810  ,ced:  12  
[2020/03/10 09:00:46 928] tts        671  0  udata(302733d8) 1  1815000697  
[2020/03/10 09:00:46 928] tts        792  TTS_MSG_GETAUDIO  0  
[2020/03/10 09:00:46 928] tts        638  get audio|use purextts  
[2020/03/10 09:00:46 928] tts        649  960  
[2020/03/10 09:00:46 928] tts        653  local audiolen:  960  ,ced:  12  
[2020/03/10 09:00:46 928] tts        671  0  udata(30273428) 1  1815000698  
[2020/03/10 09:00:46 929] tts        792  TTS_MSG_GETAUDIO  0  
[2020/03/10 09:00:46 929] tts        638  get audio|use purextts  
[2020/03/10 09:00:46 929] tts        649  960  
[2020/03/10 09:00:46 929] tts        653  local audiolen:  960  ,ced:  12  
[2020/03/10 09:00:46 929] tts        671  0  udata(30273478) 1  1815000698  
[2020/03/10 09:00:46 929] tts        792  TTS_MSG_GETAUDIO  0  
[2020/03/10 09:00:46 929] tts        638  get audio|use purextts  
[2020/03/10 09:00:46 929] tts        649  960  
[2020/03/10 09:00:46 929] tts        653  local audiolen:  960  ,ced:  12  
[2020/03/10 09:00:46 929] tts        671  0  udata(302734c8) 1  1815000698  
[2020/03/10 09:00:46 929] tts        792  TTS_MSG_GETAUDIO  0  
[2020/03/10 09:00:46 929] tts        638  get audio|use purextts  
[2020/03/10 09:00:46 929] tts        649  960  
[2020/03/10 09:00:46 929] tts        653  local audiolen:  960  ,ced:  12  
[2020/03/10 09:00:46 929] tts        671  0  udata(30273518) 1  1815000698  
[2020/03/10 09:00:46 929] tts        792  TTS_MSG_GETAUDIO  0  
[2020/03/10 09:00:46 929] tts        638  get audio|use purextts  
[2020/03/10 09:00:46 929] tts        649  960  
[2020/03/10 09:00:46 929] tts        653  local audiolen:  960  ,ced:  12  
[2020/03/10 09:00:46 929] tts        671  0  udata(3027f0e8) 1  1815000699  
[2020/03/10 09:00:46 929] tts        792  TTS_MSG_GETAUDIO  0  
[2020/03/10 09:00:46 929] tts        638  get audio|use purextts  
[2020/03/10 09:00:46 929] tts        649  960  
[2020/03/10 09:00:46 930] tts        653  local audiolen:  960  ,ced:  12  
[2020/03/10 09:00:46 930] tts        671  0  udata(3027f138) 1  1815000699  
[2020/03/10 09:00:46 930] tts        792  TTS_MSG_GETAUDIO  0  
[2020/03/10 09:00:46 930] tts        638  get audio|use purextts  
[2020/03/10 09:00:46 930] tts        649  960  
[2020/03/10 09:00:46 930] tts        653  local audiolen:  960  ,ced:  12  
[2020/03/10 09:00:46 930] tts        671  0  udata(3027f188) 1  1815000699  
[2020/03/10 09:00:46 930] tts        792  TTS_MSG_GETAUDIO  0  
[2020/03/10 09:00:46 930] tts        638  get audio|use purextts  
[2020/03/10 09:00:46 930] tts        671  0  nil  1  1815000699  
[2020/03/10 09:00:46 930] tts        792  TTS_MSG_GETAUDIO  0  
[2020/03/10 09:00:46 930] tts        638  get audio|use purextts  
[2020/03/10 09:00:46 930] tts        671  0  nil  1  1815000699  
[2020/03/10 09:00:46 930] tts        792  TTS_MSG_GETAUDIO  0  
[2020/03/10 09:00:46 930] tts        638  get audio|use purextts  
[2020/03/10 09:00:46 930] tts        671  0  nil  1  1815000700  
[2020/03/10 09:00:46 930] tts        792  TTS_MSG_GETAUDIO  0  
[2020/03/10 09:00:46 931] tts        638  get audio|use purextts  
[2020/03/10 09:00:46 931] tts        671  0  nil  1  1815000700  
[2020/03/10 09:00:46 931] tts        792  TTS_MSG_GETAUDIO  0  
[2020/03/10 09:00:46 931] tts        638  get audio|use purextts  
[2020/03/10 09:00:46 931] tts        671  0  nil  1  1815000700  
[2020/03/10 09:00:46 931] tts        792  TTS_MSG_GETAUDIO  0  
[2020/03/10 09:00:46 931] tts        638  get audio|use purextts  
[2020/03/10 09:00:46 931] tts        671  0  nil  1  1815000700  
[2020/03/10 09:00:46 931] tts        792  TTS_MSG_GETAUDIO  0  
[2020/03/10 09:00:46 931] tts        638  get audio|use purextts  
[2020/03/10 09:00:46 931] tts        671  0  nil  1  1815000700  
[2020/03/10 09:00:46 931] tts        792  TTS_MSG_GETAUDIO  0  
[2020/03/10 09:00:46 931] tts        638  get audio|use purextts  
[2020/03/10 09:00:46 931] tts        671  0  nil  1  1815000701  
[2020/03/10 09:00:46 932] tts        792  TTS_MSG_GETAUDIO  0  
[2020/03/10 09:00:46 932] tts        638  get audio|use purextts  
[2020/03/10 09:00:46 932] tts        671  0  nil  1  1815000701  
[2020/03/10 09:00:46 932] tts        792  TTS_MSG_GETAUDIO  0  
[2020/03/10 09:00:46 932] tts        638  get audio|use purextts  
[2020/03/10 09:00:46 932] tts        671  0  nil  1  1815000701  
[2020/03/10 09:00:46 932] tts        792  TTS_MSG_GETAUDIO  0  
[2020/03/10 09:00:46 932] tts        638  get audio|use purextts  
[2020/03/10 09:00:46 932] tts        671  0  nil  1  1815000701  
[2020/03/10 09:00:46 932] tts        792  TTS_MSG_GETAUDIO  0  
[2020/03/10 09:00:46 932] tts        638  get audio|use purextts  
[2020/03/10 09:00:46 932] tts        671  0  nil  1  1815000701  
[2020/03/10 09:00:46 932] tts        792  TTS_MSG_GETAUDIO  0  
[2020/03/10 09:00:46 932] tts        638  get audio|use purextts  
[2020/03/10 09:00:46 932] tts        671  0  nil  1  1815000702  
[2020/03/10 09:00:46 933] tts        792  TTS_MSG_GETAUDIO  0  
[2020/03/10 09:00:46 933] tts        638  get audio|use purextts  
[2020/03/10 09:00:46 933] tts        671  0  nil  1  1815000702  
[2020/03/10 09:00:46 933] tts        792  TTS_MSG_GETAUDIO  0  
[2020/03/10 09:00:46 933] tts        638  get audio|use purextts  
[2020/03/10 09:00:46 933] tts        671  0  nil  1  1815000702  
[2020/03/10 09:00:46 933] tts        792  TTS_MSG_GETAUDIO  0  
[2020/03/10 09:00:46 933] tts        638  get audio|use purextts  
[2020/03/10 09:00:46 934] tts        671  0  nil  1  1815000703  
[2020/03/10 09:00:46 934] tts        350  TTS_PUREXTTS_CB_OUTPUT  101  udata(3027f1d8) 27  
[2020/03/10 09:00:46 934] tts        354  udata(3027f1d8) 27  
[2020/03/10 09:00:46 934] tts        792  TTS_MSG_GETAUDIO  0  
[2020/03/10 09:00:46 934] tts        638  get audio|use purextts  
[2020/03/10 09:00:46 934] tts        649  960  
[2020/03/10 09:00:46 934] tts        653  local audiolen:  960  ,ced:  27  
[2020/03/10 09:00:46 935] tts        671  0  udata(3027f278) 1  1815000704  
[2020/03/10 09:00:46 935] tts        350  TTS_PUREXTTS_CB_OUTPUT  101  udata(3027f328) 27  
[2020/03/10 09:00:46 935] tts        354  udata(3027f328) 27  
[2020/03/10 09:00:46 935] tts        350  TTS_PUREXTTS_CB_OUTPUT  101  udata(3027f3c8) 27  
[2020/03/10 09:00:46 935] tts        354  udata(3027f3c8) 27  
[2020/03/10 09:00:46 935] tts        792  TTS_MSG_GETAUDIO  0  
[2020/03/10 09:00:46 935] tts        638  get audio|use purextts  
[2020/03/10 09:00:46 935] tts        649  960  
[2020/03/10 09:00:46 935] tts        653  local audiolen:  960  ,ced:  27  
[2020/03/10 09:00:46 935] tts        671  0  udata(302727a8) 1  1815000704  
[2020/03/10 09:00:46 935] tts        792  TTS_MSG_GETAUDIO  0  
[2020/03/10 09:00:46 935] tts        638  get audio|use purextts  
[2020/03/10 09:00:46 935] tts        649  960  
[2020/03/10 09:00:46 935] tts        653  local audiolen:  960  ,ced:  27  
[2020/03/10 09:00:46 935] tts        671  0  udata(30272858) 1  1815000705  
[2020/03/10 09:00:46 936] tts        792  TTS_MSG_GETAUDIO  0  
[2020/03/10 09:00:46 936] tts        638  get audio|use purextts  
[2020/03/10 09:00:46 936] tts        671  0  nil  1  1815000705  
[2020/03/10 09:00:46 936] tts        792  TTS_MSG_GETAUDIO  0  
[2020/03/10 09:00:46 936] tts        638  get audio|use purextts  
[2020/03/10 09:00:46 936] tts        671  0  nil  1  1815000705  
[2020/03/10 09:00:46 936] tts        792  TTS_MSG_GETAUDIO  0  
[2020/03/10 09:00:46 936] tts        638  get audio|use purextts  
[2020/03/10 09:00:46 936] tts        671  0  nil  1  1815000706  
[2020/03/10 09:00:46 937] tts        792  TTS_MSG_GETAUDIO  0  
[2020/03/10 09:00:46 937] tts        638  get audio|use purextts  
[2020/03/10 09:00:46 937] tts        671  0  nil  1  1815000706  
[2020/03/10 09:00:46 937] tts        792  TTS_MSG_GETAUDIO  0  
[2020/03/10 09:00:46 937] tts        638  get audio|use purextts  
[2020/03/10 09:00:46 937] tts        671  0  nil  1  1815000706  
[2020/03/10 09:00:46 937] tts        792  TTS_MSG_GETAUDIO  0  
[2020/03/10 09:00:46 937] tts        638  get audio|use purextts  
[2020/03/10 09:00:46 937] tts        671  0  nil  1  1815000706  
[2020/03/10 09:00:46 937] tts        792  TTS_MSG_GETAUDIO  0  
[2020/03/10 09:00:46 937] tts        638  get audio|use purextts  
[2020/03/10 09:00:46 937] tts        671  0  nil  1  1815000706  
[2020/03/10 09:00:46 937] tts        792  TTS_MSG_GETAUDIO  0  
[2020/03/10 09:00:46 937] tts        638  get audio|use purextts  
[2020/03/10 09:00:46 937] tts        671  0  nil  1  1815000707  
[2020/03/10 09:00:46 937] tts        792  TTS_MSG_GETAUDIO  0  
[2020/03/10 09:00:46 938] tts        638  get audio|use purextts  
[2020/03/10 09:00:46 938] tts        671  0  nil  1  1815000707  
[2020/03/10 09:00:46 938] tts        792  TTS_MSG_GETAUDIO  0  
[2020/03/10 09:00:46 938] tts        638  get audio|use purextts  
[2020/03/10 09:00:46 938] tts        671  0  nil  1  1815000707  
[2020/03/10 09:00:46 938] tts        792  TTS_MSG_GETAUDIO  0  
[2020/03/10 09:00:46 938] tts        638  get audio|use purextts  
[2020/03/10 09:00:46 938] tts        671  0  nil  1  1815000707  
[2020/03/10 09:00:46 938] tts        792  TTS_MSG_GETAUDIO  0  
[2020/03/10 09:00:46 938] tts        638  get audio|use purextts  
[2020/03/10 09:00:46 938] tts        671  0  nil  1  1815000707  
[2020/03/10 09:00:46 938] tts        792  TTS_MSG_GETAUDIO  0  
[2020/03/10 09:00:46 938] tts        638  get audio|use purextts  
[2020/03/10 09:00:46 938] tts        671  0  nil  1  1815000708  
[2020/03/10 09:00:46 939] tts        792  TTS_MSG_GETAUDIO  0  
[2020/03/10 09:00:46 939] tts        638  get audio|use purextts  
[2020/03/10 09:00:46 939] tts        671  0  nil  1  1815000708  
[2020/03/10 09:00:46 939] tts        792  TTS_MSG_GETAUDIO  0  
[2020/03/10 09:00:46 939] tts        638  get audio|use purextts  
[2020/03/10 09:00:46 939] tts        671  0  nil  1  1815000708  
[2020/03/10 09:00:46 939] tts        792  TTS_MSG_GETAUDIO  0  
[2020/03/10 09:00:46 939] tts        638  get audio|use purextts  
[2020/03/10 09:00:46 939] tts        671  0  nil  1  1815000708  
[2020/03/10 09:00:46 939] tts        792  TTS_MSG_GETAUDIO  0  
[2020/03/10 09:00:46 939] tts        638  get audio|use purextts  
[2020/03/10 09:00:46 939] tts        671  0  nil  1  1815000709  
[2020/03/10 09:00:46 941] tts        792  TTS_MSG_GETAUDIO  0  
[2020/03/10 09:00:46 941] tts        638  get audio|use purextts  
[2020/03/10 09:00:46 941] tts        671  0  nil  1  1815000710  
[2020/03/10 09:00:46 941] tts        792  TTS_MSG_GETAUDIO  0  
[2020/03/10 09:00:46 941] tts        638  get audio|use purextts  
[2020/03/10 09:00:46 941] tts        671  0  nil  1  1815000711  
[2020/03/10 09:00:46 942] tts        792  TTS_MSG_GETAUDIO  0  
[2020/03/10 09:00:46 942] tts        638  get audio|use purextts  
[2020/03/10 09:00:46 942] tts        671  0  nil  1  1815000711  
[2020/03/10 09:00:46 942] tts        792  TTS_MSG_GETAUDIO  0  
[2020/03/10 09:00:46 942] tts        638  get audio|use purextts  
[2020/03/10 09:00:46 942] tts        671  0  nil  1  1815000711  
[2020/03/10 09:00:46 942] tts        792  TTS_MSG_GETAUDIO  0  
[2020/03/10 09:00:46 942] tts        638  get audio|use purextts  
[2020/03/10 09:00:46 942] tts        671  0  nil  1  1815000711  
[2020/03/10 09:00:46 942] tts        792  TTS_MSG_GETAUDIO  0  
[2020/03/10 09:00:46 942] tts        638  get audio|use purextts  
[2020/03/10 09:00:46 942] tts        671  0  nil  1  1815000711  
[2020/03/10 09:00:46 942] tts        792  TTS_MSG_GETAUDIO  0  
[2020/03/10 09:00:46 942] tts        638  get audio|use purextts  
[2020/03/10 09:00:46 942] tts        671  0  nil  1  1815000712  
[2020/03/10 09:00:46 943] tts        792  TTS_MSG_GETAUDIO  0  
[2020/03/10 09:00:46 943] tts        638  get audio|use purextts  
[2020/03/10 09:00:46 943] tts        671  0  nil  1  1815000712  
[2020/03/10 09:00:46 943] tts        792  TTS_MSG_GETAUDIO  0  
[2020/03/10 09:00:46 943] tts        638  get audio|use purextts  
[2020/03/10 09:00:46 943] tts        671  0  nil  1  1815000712  
[2020/03/10 09:00:46 943] tts        792  TTS_MSG_GETAUDIO  0  
[2020/03/10 09:00:46 943] tts        638  get audio|use purextts  
[2020/03/10 09:00:46 943] tts        671  0  nil  1  1815000712  
[2020/03/10 09:00:46 943] tts        792  TTS_MSG_GETAUDIO  0  
[2020/03/10 09:00:46 943] tts        638  get audio|use purextts  
[2020/03/10 09:00:46 943] tts        671  0  nil  1  1815000713  
[2020/03/10 09:00:46 943] tts        792  TTS_MSG_GETAUDIO  0  
[2020/03/10 09:00:46 943] tts        638  get audio|use purextts  
[2020/03/10 09:00:46 944] tts        671  0  nil  1  1815000713  
[2020/03/10 09:00:46 944] tts        792  TTS_MSG_GETAUDIO  0  
[2020/03/10 09:00:46 944] tts        638  get audio|use purextts  
[2020/03/10 09:00:46 944] tts        671  0  nil  1  1815000713  
[2020/03/10 09:00:46 944] tts        792  TTS_MSG_GETAUDIO  0  
[2020/03/10 09:00:46 944] tts        638  get audio|use purextts  
[2020/03/10 09:00:46 944] tts        671  0  nil  1  1815000713  
[2020/03/10 09:00:46 944] tts        792  TTS_MSG_GETAUDIO  0  
[2020/03/10 09:00:46 944] tts        638  get audio|use purextts  
[2020/03/10 09:00:46 944] tts        671  0  nil  1  1815000713  
[2020/03/10 09:00:46 944] tts        792  TTS_MSG_GETAUDIO  0  
[2020/03/10 09:00:46 944] tts        638  get audio|use purextts  
[2020/03/10 09:00:46 944] tts        671  0  nil  1  1815000714  
[2020/03/10 09:00:46 945] tts        792  TTS_MSG_GETAUDIO  0  
[2020/03/10 09:00:46 945] tts        638  get audio|use purextts  
[2020/03/10 09:00:46 945] tts        671  0  nil  1  1815000714  
[2020/03/10 09:00:46 945] tts        792  TTS_MSG_GETAUDIO  0  
[2020/03/10 09:00:46 945] tts        638  get audio|use purextts  
[2020/03/10 09:00:46 945] tts        671  0  nil  1  1815000714  
[2020/03/10 09:00:46 945] tts        350  TTS_PUREXTTS_CB_OUTPUT  101  udata(302728a8) 27  
[2020/03/10 09:00:46 945] tts        354  udata(302728a8) 27  
[2020/03/10 09:00:46 945] tts        792  TTS_MSG_GETAUDIO  0  
[2020/03/10 09:00:46 945] tts        638  get audio|use purextts  
[2020/03/10 09:00:46 945] tts        649  960  
[2020/03/10 09:00:46 946] tts        653  local audiolen:  960  ,ced:  27  
[2020/03/10 09:00:46 946] tts        671  0  udata(30272948) 1  1815000715  
[2020/03/10 09:00:46 946] tts        350  TTS_PUREXTTS_CB_OUTPUT  101  udata(30272998) 27  
[2020/03/10 09:00:46 946] tts        354  udata(30272998) 27  
[2020/03/10 09:00:46 946] tts        350  TTS_PUREXTTS_CB_OUTPUT  101  udata(30272a38) 27  
[2020/03/10 09:00:46 946] tts        354  udata(30272a38) 27  
[2020/03/10 09:00:46 946] tts        792  TTS_MSG_GETAUDIO  0  
[2020/03/10 09:00:46 946] tts        638  get audio|use purextts  
[2020/03/10 09:00:46 946] tts        649  906  
[2020/03/10 09:00:46 946] tts        653  local audiolen:  906  ,ced:  27  
[2020/03/10 09:00:46 947] tts        671  0  udata(30272c38) 1  1815000716  
[2020/03/10 09:00:46 947] tts        350  TTS_PUREXTTS_CB_OUTPUT  101  udata(30272ce8) 27  
[2020/03/10 09:00:46 947] tts        354  udata(30272ce8) 27  
[2020/03/10 09:00:46 947] tts        350  TTS_PUREXTTS_CB_OUTPUT  101  udata(30272d88) 27  
[2020/03/10 09:00:46 947] tts        354  udata(30272d88) 27  
[2020/03/10 09:00:46 947] tts        792  TTS_MSG_GETAUDIO  0  
[2020/03/10 09:00:46 947] tts        638  get audio|use purextts  
[2020/03/10 09:00:46 947] tts        649  956  
[2020/03/10 09:00:46 947] tts        653  local audiolen:  956  ,ced:  27  
[2020/03/10 09:00:46 947] tts        671  0  udata(30272e88) 1  1815000717  
[2020/03/10 09:00:46 948] tts        350  TTS_PUREXTTS_CB_OUTPUT  101  udata(30272fc8) 27  
[2020/03/10 09:00:46 948] tts        354  udata(30272fc8) 27  
[2020/03/10 09:00:46 948] tts        792  TTS_MSG_GETAUDIO  0  
[2020/03/10 09:00:46 948] tts        638  get audio|use purextts  
[2020/03/10 09:00:46 948] tts        649  942  
[2020/03/10 09:00:46 948] tts        653  local audiolen:  942  ,ced:  27  
[2020/03/10 09:00:46 948] tts        671  0  udata(30271f38) 1  1815000717  
[2020/03/10 09:00:46 949] tts        792  TTS_MSG_GETAUDIO  0  
[2020/03/10 09:00:46 949] tts        638  get audio|use purextts  
[2020/03/10 09:00:46 949] tts        649  888  
[2020/03/10 09:00:46 949] tts        653  local audiolen:  888  ,ced:  27  
[2020/03/10 09:00:46 949] tts        671  0  udata(30271fe8) 1  1815000718  
[2020/03/10 09:00:46 949] tts        792  TTS_MSG_GETAUDIO  0  
[2020/03/10 09:00:46 949] tts        638  get audio|use purextts  
[2020/03/10 09:00:46 949] tts        649  866  
[2020/03/10 09:00:46 949] tts        653  local audiolen:  866  ,ced:  27  
[2020/03/10 09:00:46 949] tts        671  0  udata(30271478) 1  1815000719  
[2020/03/10 09:00:46 950] tts        792  TTS_MSG_GETAUDIO  0  
[2020/03/10 09:00:46 950] tts        638  get audio|use purextts  
[2020/03/10 09:00:46 950] tts        671  0  nil  1  1815000719  
[2020/03/10 09:00:46 950] tts        792  TTS_MSG_GETAUDIO  0  
[2020/03/10 09:00:46 950] tts        638  get audio|use purextts  
[2020/03/10 09:00:46 950] tts        671  0  nil  1  1815000719  
[2020/03/10 09:00:46 950] tts        792  TTS_MSG_GETAUDIO  0  
[2020/03/10 09:00:46 950] tts        638  get audio|use purextts  
[2020/03/10 09:00:46 950] tts        671  0  nil  1  1815000719  
[2020/03/10 09:00:46 950] tts        792  TTS_MSG_GETAUDIO  0  
[2020/03/10 09:00:46 950] tts        638  get audio|use purextts  
[2020/03/10 09:00:46 950] tts        671  0  nil  1  1815000719  
[2020/03/10 09:00:46 950] tts        792  TTS_MSG_GETAUDIO  0  
[2020/03/10 09:00:46 950] tts        638  get audio|use purextts  
[2020/03/10 09:00:46 950] tts        671  0  nil  1  1815000720  
[2020/03/10 09:00:46 951] tts        792  TTS_MSG_GETAUDIO  0  
[2020/03/10 09:00:46 951] tts        638  get audio|use purextts  
[2020/03/10 09:00:46 951] tts        671  0  nil  1  1815000720  
[2020/03/10 09:00:46 951] tts        792  TTS_MSG_GETAUDIO  0  
[2020/03/10 09:00:46 951] tts        638  get audio|use purextts  
[2020/03/10 09:00:46 951] tts        671  0  nil  1  1815000720  
[2020/03/10 09:00:46 951] tts        792  TTS_MSG_GETAUDIO  0  
[2020/03/10 09:00:46 951] tts        638  get audio|use purextts  
[2020/03/10 09:00:46 951] tts        671  0  nil  1  1815000720  
[2020/03/10 09:00:46 951] tts        792  TTS_MSG_GETAUDIO  0  
[2020/03/10 09:00:46 952] tts        638  get audio|use purextts  
[2020/03/10 09:00:46 952] tts        671  0  nil  1  1815000721  
[2020/03/10 09:00:46 952] tts        792  TTS_MSG_GETAUDIO  0  
[2020/03/10 09:00:46 952] tts        638  get audio|use purextts  
[2020/03/10 09:00:46 952] tts        671  0  nil  1  1815000721  
[2020/03/10 09:00:46 952] tts        350  TTS_PUREXTTS_CB_OUTPUT  101  udata(30272038) 27  
[2020/03/10 09:00:46 952] tts        354  udata(30272038) 27  
[2020/03/10 09:00:46 952] tts        792  TTS_MSG_GETAUDIO  0  
[2020/03/10 09:00:46 952] tts        638  get audio|use purextts  
[2020/03/10 09:00:46 952] tts        649  960  
[2020/03/10 09:00:46 952] tts        653  local audiolen:  960  ,ced:  27  
[2020/03/10 09:00:46 952] tts        671  0  udata(30288468) 1  1815000722  
[2020/03/10 09:00:46 953] tts        350  TTS_PUREXTTS_CB_OUTPUT  101  udata(302888e8) 27  
[2020/03/10 09:00:46 953] tts        354  udata(302888e8) 27  
[2020/03/10 09:00:46 953] tts        792  TTS_MSG_GETAUDIO  0  
[2020/03/10 09:00:46 953] tts        638  get audio|use purextts  
[2020/03/10 09:00:46 953] tts        649  814  
[2020/03/10 09:00:46 953] tts        653  local audiolen:  814  ,ced:  27  
[2020/03/10 09:00:46 953] tts        671  0  udata(30273068) 1  1815000722  
[2020/03/10 09:00:46 953] tts        350  TTS_PUREXTTS_CB_OUTPUT  101  udata(30273118) 27  
[2020/03/10 09:00:46 953] tts        354  udata(30273118) 27  
[2020/03/10 09:00:46 953] tts        350  TTS_PUREXTTS_CB_OUTPUT  101  udata(302731b8) 27  
[2020/03/10 09:00:46 953] tts        354  udata(302731b8) 27  
[2020/03/10 09:00:46 953] tts        792  TTS_MSG_GETAUDIO  0  
[2020/03/10 09:00:46 953] tts        638  get audio|use purextts  
[2020/03/10 09:00:46 953] tts        649  874  
[2020/03/10 09:00:46 953] tts        653  local audiolen:  874  ,ced:  27  
[2020/03/10 09:00:46 953] tts        671  0  udata(302732b8) 1  1815000723  
[2020/03/10 09:00:46 954] tts        792  TTS_MSG_GETAUDIO  0  
[2020/03/10 09:00:46 954] tts        638  get audio|use purextts  
[2020/03/10 09:00:46 954] tts        649  880  
[2020/03/10 09:00:46 954] tts        653  local audiolen:  880  ,ced:  27  
[2020/03/10 09:00:46 954] tts        671  0  udata(30271938) 1  1815000723  
[2020/03/10 09:00:46 954] tts        792  TTS_MSG_GETAUDIO  0  
[2020/03/10 09:00:46 954] tts        638  get audio|use purextts  
[2020/03/10 09:00:46 954] tts        671  0  nil  1  1815000723  
[2020/03/10 09:00:46 954] tts        792  TTS_MSG_GETAUDIO  0  
[2020/03/10 09:00:46 954] tts        638  get audio|use purextts  
[2020/03/10 09:00:46 954] tts        671  0  nil  1  1815000723  
[2020/03/10 09:00:46 954] tts        792  TTS_MSG_GETAUDIO  0  
[2020/03/10 09:00:46 954] tts        638  get audio|use purextts  
[2020/03/10 09:00:46 954] tts        671  0  nil  1  1815000724  
[2020/03/10 09:00:46 955] tts        792  TTS_MSG_GETAUDIO  0  
[2020/03/10 09:00:46 955] tts        638  get audio|use purextts  
[2020/03/10 09:00:46 955] tts        671  0  nil  1  1815000724  
[2020/03/10 09:00:46 955] tts        792  TTS_MSG_GETAUDIO  0  
[2020/03/10 09:00:46 955] tts        638  get audio|use purextts  
[2020/03/10 09:00:46 955] tts        671  0  nil  1  1815000724  
[2020/03/10 09:00:46 955] tts        792  TTS_MSG_GETAUDIO  0  
[2020/03/10 09:00:46 955] tts        638  get audio|use purextts  
[2020/03/10 09:00:46 955] tts        671  0  nil  1  1815000724  
[2020/03/10 09:00:46 955] tts        350  TTS_PUREXTTS_CB_OUTPUT  101  udata(30271988) 27  
[2020/03/10 09:00:46 955] tts        354  udata(30271988) 27  
[2020/03/10 09:00:46 955] tts        792  TTS_MSG_GETAUDIO  0  
[2020/03/10 09:00:46 955] tts        638  get audio|use purextts  
[2020/03/10 09:00:46 955] tts        649  950  
[2020/03/10 09:00:46 955] tts        653  local audiolen:  950  ,ced:  27  
[2020/03/10 09:00:46 955] tts        671  0  udata(30271a28) 1  1815000725  
[2020/03/10 09:00:46 956] tts        792  TTS_MSG_GETAUDIO  0  
[2020/03/10 09:00:46 956] tts        638  get audio|use purextts  
[2020/03/10 09:00:46 956] tts        671  0  nil  1  1815000725  
[2020/03/10 09:00:46 956] tts        792  TTS_MSG_GETAUDIO  0  
[2020/03/10 09:00:46 956] tts        638  get audio|use purextts  
[2020/03/10 09:00:46 956] tts        671  0  nil  1  1815000725  
[2020/03/10 09:00:46 956] tts        792  TTS_MSG_GETAUDIO  0  
[2020/03/10 09:00:46 956] tts        638  get audio|use purextts  
[2020/03/10 09:00:46 956] tts        671  0  nil  1  1815000725  
[2020/03/10 09:00:46 956] tts        792  TTS_MSG_GETAUDIO  0  
[2020/03/10 09:00:46 956] tts        638  get audio|use purextts  
[2020/03/10 09:00:46 956] tts        671  0  nil  1  1815000725  
[2020/03/10 09:00:46 956] tts        792  TTS_MSG_GETAUDIO  0  
[2020/03/10 09:00:46 956] tts        638  get audio|use purextts  
[2020/03/10 09:00:46 956] tts        671  0  nil  1  1815000726  
[2020/03/10 09:00:46 957] tts        792  TTS_MSG_GETAUDIO  0  
[2020/03/10 09:00:46 957] tts        638  get audio|use purextts  
[2020/03/10 09:00:46 957] tts        671  0  nil  1  1815000726  
[2020/03/10 09:00:46 957] tts        792  TTS_MSG_GETAUDIO  0  
[2020/03/10 09:00:46 957] tts        638  get audio|use purextts  
[2020/03/10 09:00:46 957] tts        671  0  nil  1  1815000726  
[2020/03/10 09:00:46 957] tts        792  TTS_MSG_GETAUDIO  0  
[2020/03/10 09:00:46 957] tts        638  get audio|use purextts  
[2020/03/10 09:00:46 957] tts        671  0  nil  1  1815000726  
[2020/03/10 09:00:46 957] tts        792  TTS_MSG_GETAUDIO  0  
[2020/03/10 09:00:46 957] tts        638  get audio|use purextts  
[2020/03/10 09:00:46 957] tts        671  0  nil  1  1815000727  
[2020/03/10 09:00:46 957] tts        792  TTS_MSG_GETAUDIO  0  
[2020/03/10 09:00:46 957] tts        638  get audio|use purextts  
[2020/03/10 09:00:46 958] tts        671  0  nil  1  1815000727  
[2020/03/10 09:00:46 958] tts        792  TTS_MSG_GETAUDIO  0  
[2020/03/10 09:00:46 958] tts        638  get audio|use purextts  
[2020/03/10 09:00:46 958] tts        671  0  nil  1  1815000727  
[2020/03/10 09:00:46 958] tts        792  TTS_MSG_GETAUDIO  0  
[2020/03/10 09:00:46 958] tts        638  get audio|use purextts  
[2020/03/10 09:00:46 958] tts        671  0  nil  1  1815000727  
[2020/03/10 09:00:46 958] tts        792  TTS_MSG_GETAUDIO  0  
[2020/03/10 09:00:46 958] tts        638  get audio|use purextts  
[2020/03/10 09:00:46 958] tts        671  0  nil  1  1815000727  
[2020/03/10 09:00:46 958] tts        792  TTS_MSG_GETAUDIO  0  
[2020/03/10 09:00:46 958] tts        638  get audio|use purextts  
[2020/03/10 09:00:46 958] tts        671  0  nil  1  1815000727  
[2020/03/10 09:00:46 958] tts        792  TTS_MSG_GETAUDIO  0  
[2020/03/10 09:00:46 958] tts        638  get audio|use purextts  
[2020/03/10 09:00:46 958] tts        671  0  nil  1  1815000728  
[2020/03/10 09:00:46 962] tts        792  TTS_MSG_GETAUDIO  0  
[2020/03/10 09:00:46 962] tts        638  get audio|use purextts  
[2020/03/10 09:00:46 962] tts        671  0  nil  1  1815000731  
[2020/03/10 09:00:46 962] tts        792  TTS_MSG_GETAUDIO  0  
[2020/03/10 09:00:46 962] tts        638  get audio|use purextts  
[2020/03/10 09:00:46 962] tts        671  0  nil  1  1815000731  
[2020/03/10 09:00:46 962] tts        350  TTS_PUREXTTS_CB_OUTPUT  101  udata(30271ad8) 27  
[2020/03/10 09:00:46 962] tts        354  udata(30271ad8) 27  
[2020/03/10 09:00:46 963] tts        350  TTS_PUREXTTS_CB_OUTPUT  101  udata(30271b78) 27  
[2020/03/10 09:00:46 963] tts        354  udata(30271b78) 27  
[2020/03/10 09:00:46 963] tts        350  TTS_PUREXTTS_CB_OUTPUT  101  udata(30271148) 27  
[2020/03/10 09:00:46 963] tts        354  udata(30271148) 27  
[2020/03/10 09:00:46 963] tts        792  TTS_MSG_GETAUDIO  0  
[2020/03/10 09:00:46 963] tts        638  get audio|use purextts  
[2020/03/10 09:00:46 963] tts        649  960  
[2020/03/10 09:00:46 963] tts        653  local audiolen:  960  ,ced:  27  
[2020/03/10 09:00:46 963] tts        671  0  udata(302712a8) 1  1815000732  
[2020/03/10 09:00:46 963] tts        350  TTS_PUREXTTS_CB_OUTPUT  101  udata(30271358) 27  
[2020/03/10 09:00:46 963] tts        354  udata(30271358) 27  
[2020/03/10 09:00:46 963] tts        792  TTS_MSG_GETAUDIO  0  
[2020/03/10 09:00:46 963] tts        638  get audio|use purextts  
[2020/03/10 09:00:46 964] tts        649  880  
[2020/03/10 09:00:46 964] tts        653  local audiolen:  880  ,ced:  27  
[2020/03/10 09:00:46 964] tts        671  0  udata(30288418) 1  1815000733  
[2020/03/10 09:00:46 964] tts        792  TTS_MSG_GETAUDIO  0  
[2020/03/10 09:00:46 964] tts        638  get audio|use purextts  
[2020/03/10 09:00:46 964] tts        649  940  
[2020/03/10 09:00:46 964] tts        653  local audiolen:  940  ,ced:  27  
[2020/03/10 09:00:46 964] tts        671  0  udata(30288098) 1  1815000733  
[2020/03/10 09:00:46 964] tts        792  TTS_MSG_GETAUDIO  0  
[2020/03/10 09:00:46 964] tts        638  get audio|use purextts  
[2020/03/10 09:00:46 964] tts        649  998  
[2020/03/10 09:00:46 964] tts        653  local audiolen:  998  ,ced:  27  
[2020/03/10 09:00:46 964] tts        671  0  udata(302713f8) 1  1815000733  
[2020/03/10 09:00:46 964] tts        792  TTS_MSG_GETAUDIO  0  
[2020/03/10 09:00:46 964] tts        638  get audio|use purextts  
[2020/03/10 09:00:46 964] tts        671  0  nil  1  1815000733  
[2020/03/10 09:00:46 964] tts        792  TTS_MSG_GETAUDIO  0  
[2020/03/10 09:00:46 964] tts        638  get audio|use purextts  
[2020/03/10 09:00:46 964] tts        671  0  nil  1  1815000734  
[2020/03/10 09:00:46 965] tts        792  TTS_MSG_GETAUDIO  0  
[2020/03/10 09:00:46 965] tts        638  get audio|use purextts  
[2020/03/10 09:00:46 965] tts        671  0  nil  1  1815000734  
[2020/03/10 09:00:46 967] tts        792  TTS_MSG_GETAUDIO  0  
[2020/03/10 09:00:46 967] tts        638  get audio|use purextts  
[2020/03/10 09:00:46 967] tts        671  0  nil  1  1815000736  
[2020/03/10 09:00:46 967] tts        792  TTS_MSG_GETAUDIO  0  
[2020/03/10 09:00:46 967] tts        638  get audio|use purextts  
[2020/03/10 09:00:46 967] tts        671  0  nil  1  1815000737  
[2020/03/10 09:00:46 968] tts        792  TTS_MSG_GETAUDIO  0  
[2020/03/10 09:00:46 968] tts        638  get audio|use purextts  
[2020/03/10 09:00:46 968] tts        671  0  nil  1  1815000738  
[2020/03/10 09:00:46 969] tts        792  TTS_MSG_GETAUDIO  0  
[2020/03/10 09:00:46 969] tts        638  get audio|use purextts  
[2020/03/10 09:00:46 969] tts        671  0  nil  1  1815000738  
[2020/03/10 09:00:46 969] tts        792  TTS_MSG_GETAUDIO  0  
[2020/03/10 09:00:46 969] tts        638  get audio|use purextts  
[2020/03/10 09:00:46 969] tts        671  0  nil  1  1815000738  
[2020/03/10 09:00:46 969] tts        792  TTS_MSG_GETAUDIO  0  
[2020/03/10 09:00:46 969] tts        638  get audio|use purextts  
[2020/03/10 09:00:46 969] tts        671  0  nil  1  1815000738  
[2020/03/10 09:00:46 969] tts        792  TTS_MSG_GETAUDIO  0  
[2020/03/10 09:00:46 969] tts        638  get audio|use purextts  
[2020/03/10 09:00:46 969] tts        671  0  nil  1  1815000738  
[2020/03/10 09:00:46 969] tts        792  TTS_MSG_GETAUDIO  0  
[2020/03/10 09:00:46 969] tts        638  get audio|use purextts  
[2020/03/10 09:00:46 969] tts        671  0  nil  1  1815000739  
[2020/03/10 09:00:46 969] tts        792  TTS_MSG_GETAUDIO  0  
[2020/03/10 09:00:46 970] tts        638  get audio|use purextts  
[2020/03/10 09:00:46 970] tts        671  0  nil  1  1815000739  
[2020/03/10 09:00:46 970] tts        792  TTS_MSG_GETAUDIO  0  
[2020/03/10 09:00:46 970] tts        638  get audio|use purextts  
[2020/03/10 09:00:46 970] tts        671  0  nil  1  1815000739  
[2020/03/10 09:00:46 970] tts        792  TTS_MSG_GETAUDIO  0  
[2020/03/10 09:00:46 970] tts        638  get audio|use purextts  
[2020/03/10 09:00:46 970] tts        671  0  nil  1  1815000739  
[2020/03/10 09:00:46 970] tts        792  TTS_MSG_GETAUDIO  0  
[2020/03/10 09:00:46 970] tts        638  get audio|use purextts  
[2020/03/10 09:00:46 970] tts        671  0  nil  1  1815000739  
[2020/03/10 09:00:46 970] tts        792  TTS_MSG_GETAUDIO  0  
[2020/03/10 09:00:46 970] tts        638  get audio|use purextts  
[2020/03/10 09:00:46 970] tts        671  0  nil  1  1815000739  
[2020/03/10 09:00:46 970] tts        792  TTS_MSG_GETAUDIO  0  
[2020/03/10 09:00:46 970] tts        638  get audio|use purextts  
[2020/03/10 09:00:46 970] tts        671  0  nil  1  1815000740  
[2020/03/10 09:00:46 971] tts        792  TTS_MSG_GETAUDIO  0  
[2020/03/10 09:00:46 971] tts        638  get audio|use purextts  
[2020/03/10 09:00:46 971] tts        671  0  nil  1  1815000740  
[2020/03/10 09:00:46 971] tts        792  TTS_MSG_GETAUDIO  0  
[2020/03/10 09:00:46 971] tts        638  get audio|use purextts  
[2020/03/10 09:00:46 971] tts        671  0  nil  1  1815000740  
[2020/03/10 09:00:46 972] tts        350  TTS_PUREXTTS_CB_OUTPUT  101  udata(30288148) 27  
[2020/03/10 09:00:46 972] tts        354  udata(30288148) 27  
[2020/03/10 09:00:46 972] tts        792  TTS_MSG_GETAUDIO  0  
[2020/03/10 09:00:46 972] tts        638  get audio|use purextts  
[2020/03/10 09:00:46 972] tts        649  732  
[2020/03/10 09:00:46 972] tts        653  local audiolen:  732  ,ced:  27  
[2020/03/10 09:00:46 972] tts        671  0  udata(30288808) 1  1815000741  
[2020/03/10 09:00:46 972] tts        350  TTS_PUREXTTS_CB_OUTPUT  101  udata(30288c28) 27  
[2020/03/10 09:00:46 972] tts        354  udata(30288c28) 27  
[2020/03/10 09:00:46 972] tts        792  TTS_MSG_GETAUDIO  0  
[2020/03/10 09:00:46 972] tts        638  get audio|use purextts  
[2020/03/10 09:00:46 972] tts        649  960  
[2020/03/10 09:00:46 972] tts        653  local audiolen:  960  ,ced:  27  
[2020/03/10 09:00:46 972] tts        671  0  udata(30289048) 1  1815000741  
[2020/03/10 09:00:46 972] tts        792  TTS_MSG_GETAUDIO  0  
[2020/03/10 09:00:46 972] tts        638  get audio|use purextts  
[2020/03/10 09:00:46 972] tts        671  0  nil  1  1815000742  
[2020/03/10 09:00:46 972] tts        792  TTS_MSG_GETAUDIO  0  
[2020/03/10 09:00:46 972] tts        638  get audio|use purextts  
[2020/03/10 09:00:46 973] tts        671  0  nil  1  1815000742  
[2020/03/10 09:00:46 973] tts        792  TTS_MSG_GETAUDIO  0  
[2020/03/10 09:00:46 973] tts        638  get audio|use purextts  
[2020/03/10 09:00:46 973] tts        671  0  nil  1  1815000742  
[2020/03/10 09:00:46 973] tts        792  TTS_MSG_GETAUDIO  0  
[2020/03/10 09:00:46 973] tts        638  get audio|use purextts  
[2020/03/10 09:00:46 973] tts        671  0  nil  1  1815000742  
[2020/03/10 09:00:46 973] tts        792  TTS_MSG_GETAUDIO  0  
[2020/03/10 09:00:46 973] tts        638  get audio|use purextts  
[2020/03/10 09:00:46 973] tts        671  0  nil  1  1815000742  
[2020/03/10 09:00:46 973] tts        792  TTS_MSG_GETAUDIO  0  
[2020/03/10 09:00:46 973] tts        638  get audio|use purextts  
[2020/03/10 09:00:46 973] tts        671  0  nil  1  1815000742  
[2020/03/10 09:00:46 973] tts        792  TTS_MSG_GETAUDIO  0  
[2020/03/10 09:00:46 973] tts        638  get audio|use purextts  
[2020/03/10 09:00:46 973] tts        671  0  nil  1  1815000743  
[2020/03/10 09:00:46 974] tts        792  TTS_MSG_GETAUDIO  0  
[2020/03/10 09:00:46 974] tts        638  get audio|use purextts  
[2020/03/10 09:00:46 974] tts        671  0  nil  1  1815000743  
[2020/03/10 09:00:46 974] tts        792  TTS_MSG_GETAUDIO  0  
[2020/03/10 09:00:46 974] tts        638  get audio|use purextts  
[2020/03/10 09:00:46 974] tts        671  0  nil  1  1815000743  
[2020/03/10 09:00:46 974] tts        792  TTS_MSG_GETAUDIO  0  
[2020/03/10 09:00:46 974] tts        638  get audio|use purextts  
[2020/03/10 09:00:46 974] tts        671  0  nil  1  1815000743  
[2020/03/10 09:00:46 974] tts        792  TTS_MSG_GETAUDIO  0  
[2020/03/10 09:00:46 974] tts        638  get audio|use purextts  
[2020/03/10 09:00:46 974] tts        671  0  nil  1  1815000744  
[2020/03/10 09:00:46 974] tts        792  TTS_MSG_GETAUDIO  0  
[2020/03/10 09:00:46 975] tts        638  get audio|use purextts  
[2020/03/10 09:00:46 975] tts        671  0  nil  1  1815000744  
[2020/03/10 09:00:46 975] tts        792  TTS_MSG_GETAUDIO  0  
[2020/03/10 09:00:46 975] tts        638  get audio|use purextts  
[2020/03/10 09:00:46 975] tts        671  0  nil  1  1815000744  
[2020/03/10 09:00:46 975] tts        792  TTS_MSG_GETAUDIO  0  
[2020/03/10 09:00:46 975] tts        638  get audio|use purextts  
[2020/03/10 09:00:46 975] tts        671  0  nil  1  1815000744  
[2020/03/10 09:00:46 975] tts        792  TTS_MSG_GETAUDIO  0  
[2020/03/10 09:00:46 975] tts        638  get audio|use purextts  
[2020/03/10 09:00:46 975] tts        671  0  nil  1  1815000744  
[2020/03/10 09:00:46 975] tts        792  TTS_MSG_GETAUDIO  0  
[2020/03/10 09:00:46 975] tts        638  get audio|use purextts  
[2020/03/10 09:00:46 975] tts        671  0  nil  1  1815000745  
[2020/03/10 09:00:46 976] tts        792  TTS_MSG_GETAUDIO  0  
[2020/03/10 09:00:46 976] tts        638  get audio|use purextts  
[2020/03/10 09:00:46 976] tts        671  0  nil  1  1815000745  
[2020/03/10 09:00:46 976] tts        350  TTS_PUREXTTS_CB_OUTPUT  101  udata(30288238) 27  
[2020/03/10 09:00:46 976] tts        354  udata(30288238) 27  
[2020/03/10 09:00:46 976] tts        350  TTS_PUREXTTS_CB_OUTPUT  101  udata(302882d8) 27  
[2020/03/10 09:00:46 976] tts        354  udata(302882d8) 27  
[2020/03/10 09:00:46 976] tts        350  TTS_PUREXTTS_CB_OUTPUT  101  udata(30288378) 27  
[2020/03/10 09:00:46 977] tts        354  udata(30288378) 27  
[2020/03/10 09:00:46 977] tts        792  TTS_MSG_GETAUDIO  0  
[2020/03/10 09:00:46 977] tts        638  get audio|use purextts  
[2020/03/10 09:00:46 977] tts        649  960  
[2020/03/10 09:00:46 977] tts        653  local audiolen:  960  ,ced:  27  
[2020/03/10 09:00:46 977] tts        671  0  udata(302889f8) 1  1815000746  
[2020/03/10 09:00:46 977] tts        350  TTS_PUREXTTS_CB_OUTPUT  101  udata(30288aa8) 27  
[2020/03/10 09:00:46 977] tts        354  udata(30288aa8) 27  
[2020/03/10 09:00:46 977] tts        350  TTS_PUREXTTS_CB_OUTPUT  101  udata(30288b48) 27  
[2020/03/10 09:00:46 977] tts        354  udata(30288b48) 27  
[2020/03/10 09:00:46 977] tts        792  TTS_MSG_GETAUDIO  0  
[2020/03/10 09:00:46 978] tts        638  get audio|use purextts  
[2020/03/10 09:00:46 978] tts        649  872  
[2020/03/10 09:00:46 978] tts        653  local audiolen:  872  ,ced:  27  
[2020/03/10 09:00:46 978] tts        671  0  udata(30288ff8) 1  1815000747  
[2020/03/10 09:00:46 978] tts        350  TTS_PUREXTTS_CB_OUTPUT  101  udata(30289478) 27  
[2020/03/10 09:00:46 978] tts        354  udata(30289478) 27  
[2020/03/10 09:00:46 978] tts        350  TTS_PUREXTTS_CB_OUTPUT  101  udata(30288628) 27  
[2020/03/10 09:00:46 978] tts        354  udata(30288628) 27  
[2020/03/10 09:00:46 978] tts        792  TTS_MSG_GETAUDIO  0  
[2020/03/10 09:00:46 978] tts        638  get audio|use purextts  
[2020/03/10 09:00:46 978] tts        649  1006  
[2020/03/10 09:00:46 978] tts        653  local audiolen:  1006  ,ced:  27  
[2020/03/10 09:00:46 978] tts        671  0  udata(30288728) 1  1815000748  
[2020/03/10 09:00:46 978] tts        350  TTS_PUREXTTS_CB_OUTPUT  101  udata(302890f8) 27  
[2020/03/10 09:00:46 979] tts        354  udata(302890f8) 27  
[2020/03/10 09:00:46 979] tts        340  0  0  
[2020/03/10 09:00:46 979] tts        347  TTS_PUREXTTS_CB_END,  2  
[2020/03/10 09:00:46 979] tts        792  TTS_MSG_GETAUDIO  0  
[2020/03/10 09:00:46 979] tts        638  get audio|use purextts  
[2020/03/10 09:00:46 979] tts        649  920  
[2020/03/10 09:00:46 979] tts        653  local audiolen:  920  ,ced:  27  
[2020/03/10 09:00:46 979] tts        671  0  udata(30289878) 1  1815000748  
[2020/03/10 09:00:46 979] tts        792  TTS_MSG_GETAUDIO  0  
[2020/03/10 09:00:46 979] tts        638  get audio|use purextts  
[2020/03/10 09:00:46 979] tts        649  952  
[2020/03/10 09:00:46 979] tts        653  local audiolen:  952  ,ced:  27  
[2020/03/10 09:00:46 979] tts        671  0  udata(30289c98) 1  1815000749  
[2020/03/10 09:00:46 980] tts        792  TTS_MSG_GETAUDIO  0  
[2020/03/10 09:00:46 980] tts        638  get audio|use purextts  
[2020/03/10 09:00:46 980] tts        649  1002  
[2020/03/10 09:00:46 980] tts        653  local audiolen:  1002  ,ced:  27  
[2020/03/10 09:00:46 980] tts        671  0  udata(30288778) 1  1815000749  
[2020/03/10 09:00:46 980] tts        792  TTS_MSG_GETAUDIO  0  
[2020/03/10 09:00:46 980] tts        638  get audio|use purextts  
[2020/03/10 09:00:46 980] tts        649  1024  
[2020/03/10 09:00:46 980] tts        653  local audiolen:  1024  ,ced:  27  
[2020/03/10 09:00:46 980] tts        671  0  udata(30289398) 1  1815000750  
[2020/03/10 09:00:46 981] tts        792  TTS_MSG_GETAUDIO  0  
[2020/03/10 09:00:46 981] tts        638  get audio|use purextts  
[2020/03/10 09:00:46 981] tts        649  8224  
[2020/03/10 09:00:46 981] tts        653  local audiolen:  8224  ,ced:  27  
[2020/03/10 09:00:46 981] tts        671  0  udata(302893e8) 2  1815000750  
[2020/03/10 09:00:46 981] tts        795  TTS_MSG_SSE  
[2020/03/10 09:00:46 981] tts        742  sse|use local  
[2020/03/10 09:00:46 981] tts        761  audio_id=  2  
[2020/03/10 09:00:46 981] tts        764  tts exit  
